User came online: 8627665 (undefined)
User colored: 8627665, x: 261, y: 111, layer: 0
User colored: 8627665, x: 259, y: 110, layer: 0
User colored: 8627665, x: 255, y: 110, layer: 0
User colored: 8627665, x: 252, y: 110, layer: 0
User colored: 8627665, x: 248, y: 110, layer: 0
User colored: 8627665, x: 244, y: 110, layer: 0
User colored: 8627665, x: 240, y: 111, layer: 0
User colored: 8627665, x: 237, y: 114, layer: 0
User colored: 8627665, x: 232, y: 119, layer: 0
User colored: 8627665, x: 229, y: 126, layer: 0
User colored: 8627665, x: 225, y: 135, layer: 0
User colored: 8627665, x: 224, y: 141, layer: 0
User colored: 8627665, x: 223, y: 148, layer: 0
User colored: 8627665, x: 222, y: 153, layer: 0
User colored: 8627665, x: 222, y: 157, layer: 0
User colored: 8627665, x: 222, y: 159, layer: 0
User colored: 8627665, x: 225, y: 161, layer: 0
User colored: 8627665, x: 230, y: 164, layer: 0
User colored: 8627665, x: 235, y: 167, layer: 0
User colored: 8627665, x: 242, y: 170, layer: 0
User colored: 8627665, x: 248, y: 173, layer: 0
User colored: 8627665, x: 252, y: 174, layer: 0
User colored: 8627665, x: 257, y: 175, layer: 0
User colored: 8627665, x: 262, y: 176, layer: 0
User colored: 8627665, x: 266, y: 176, layer: 0
User colored: 8627665, x: 269, y: 176, layer: 0
User colored: 8627665, x: 271, y: 175, layer: 0
User colored: 8627665, x: 273, y: 175, layer: 0
User colored: 8627665, x: 275, y: 173, layer: 0
User colored: 8627665, x: 276, y: 172, layer: 0
User colored: 8627665, x: 276, y: 170, layer: 0
User colored: 8627665, x: 277, y: 169, layer: 0
User colored: 8627665, x: 277, y: 167, layer: 0
User colored: 8627665, x: 277, y: 163, layer: 0
User colored: 8627665, x: 277, y: 160, layer: 0
User colored: 8627665, x: 278, y: 158, layer: 0
User colored: 8627665, x: 278, y: 156, layer: 0
User colored: 8627665, x: 278, y: 155, layer: 0
User colored: 8627665, x: 278, y: 153, layer: 0
User colored: 8627665, x: 278, y: 151, layer: 0
User colored: 8627665, x: 278, y: 148, layer: 0
User colored: 8627665, x: 278, y: 143, layer: 0
User colored: 8627665, x: 278, y: 140, layer: 0
User colored: 8627665, x: 278, y: 137, layer: 0
User colored: 8627665, x: 278, y: 133, layer: 0
User colored: 8627665, x: 278, y: 128, layer: 0
User colored: 8627665, x: 279, y: 123, layer: 0
User colored: 8627665, x: 280, y: 122, layer: 0
User colored: 8627665, x: 280, y: 123, layer: 0
User colored: 8627665, x: 280, y: 124, layer: 0
User colored: 8627665, x: 283, y: 122, layer: 0
User colored: 8627665, x: 293, y: 112, layer: 0
User colored: 8627665, x: 307, y: 100, layer: 0
User colored: 8627665, x: 318, y: 91, layer: 0
User colored: 8627665, x: 331, y: 84, layer: 0
User colored: 8627665, x: 338, y: 81, layer: 0
User colored: 8627665, x: 346, y: 79, layer: 0
User colored: 8627665, x: 349, y: 79, layer: 0
User colored: 8627665, x: 353, y: 79, layer: 0
User colored: 8627665, x: 356, y: 79, layer: 0
User colored: 8627665, x: 359, y: 83, layer: 0
User colored: 8627665, x: 360, y: 87, layer: 0
User colored: 8627665, x: 361, y: 90, layer: 0
User colored: 8627665, x: 362, y: 94, layer: 0
User colored: 8627665, x: 362, y: 98, layer: 0
User colored: 8627665, x: 362, y: 102, layer: 0
User colored: 8627665, x: 363, y: 107, layer: 0
User colored: 8627665, x: 363, y: 114, layer: 0
User colored: 8627665, x: 363, y: 123, layer: 0
User colored: 8627665, x: 363, y: 133, layer: 0
User colored: 8627665, x: 363, y: 144, layer: 0
User colored: 8627665, x: 363, y: 154, layer: 0
User colored: 8627665, x: 363, y: 163, layer: 0
User colored: 8627665, x: 363, y: 174, layer: 0
User colored: 8627665, x: 363, y: 184, layer: 0
User colored: 8627665, x: 361, y: 194, layer: 0
User colored: 8627665, x: 358, y: 202, layer: 0
User colored: 8627665, x: 355, y: 208, layer: 0
User colored: 8627665, x: 353, y: 213, layer: 0
User colored: 8627665, x: 350, y: 217, layer: 0
User colored: 8627665, x: 348, y: 220, layer: 0
User colored: 8627665, x: 345, y: 223, layer: 0
User colored: 8627665, x: 343, y: 225, layer: 0
User colored: 8627665, x: 341, y: 226, layer: 0
User colored: 8627665, x: 339, y: 228, layer: 0
User colored: 8627665, x: 337, y: 229, layer: 0
User colored: 8627665, x: 336, y: 229, layer: 0
User colored: 8627665, x: 334, y: 229, layer: 0
User colored: 8627665, x: 332, y: 229, layer: 0
User colored: 8627665, x: 330, y: 229, layer: 0
User colored: 8627665, x: 329, y: 229, layer: 0
User colored: 8627665, x: 327, y: 229, layer: 0
User colored: 8627665, x: 326, y: 228, layer: 0
User colored: 8627665, x: 325, y: 226, layer: 0
User colored: 8627665, x: 324, y: 224, layer: 0
User colored: 8627665, x: 324, y: 220, layer: 0
User colored: 8627665, x: 324, y: 215, layer: 0
User colored: 8627665, x: 324, y: 208, layer: 0
User colored: 8627665, x: 325, y: 198, layer: 0
User colored: 8627665, x: 328, y: 187, layer: 0
User colored: 8627665, x: 331, y: 174, layer: 0
User colored: 8627665, x: 333, y: 165, layer: 0
User colored: 8627665, x: 336, y: 157, layer: 0
User colored: 8627665, x: 338, y: 150, layer: 0
User colored: 8627665, x: 341, y: 146, layer: 0
User colored: 8627665, x: 346, y: 143, layer: 0
User colored: 8627665, x: 352, y: 140, layer: 0
User colored: 8627665, x: 359, y: 137, layer: 0
User colored: 8627665, x: 368, y: 135, layer: 0
User colored: 8627665, x: 375, y: 132, layer: 0
User colored: 8627665, x: 381, y: 130, layer: 0
User colored: 8627665, x: 385, y: 127, layer: 0
User colored: 8627665, x: 389, y: 124, layer: 0
User colored: 8627665, x: 391, y: 122, layer: 0
User colored: 8627665, x: 394, y: 121, layer: 0
User colored: 8627665, x: 395, y: 119, layer: 0
User colored: 8627665, x: 396, y: 116, layer: 0
User colored: 8627665, x: 397, y: 114, layer: 0
User colored: 8627665, x: 397, y: 110, layer: 0
User colored: 8627665, x: 397, y: 106, layer: 0
User colored: 8627665, x: 397, y: 100, layer: 0
User colored: 8627665, x: 395, y: 93, layer: 0
User colored: 8627665, x: 392, y: 86, layer: 0
User colored: 8627665, x: 389, y: 80, layer: 0
User colored: 8627665, x: 385, y: 72, layer: 0
User colored: 8627665, x: 381, y: 66, layer: 0
User colored: 8627665, x: 376, y: 59, layer: 0
User colored: 8627665, x: 371, y: 52, layer: 0
User colored: 8627665, x: 366, y: 47, layer: 0
User colored: 8627665, x: 362, y: 42, layer: 0
User colored: 8627665, x: 357, y: 38, layer: 0
User colored: 8627665, x: 355, y: 35, layer: 0
User colored: 8627665, x: 351, y: 31, layer: 0
User colored: 8627665, x: 348, y: 28, layer: 0
User colored: 8627665, x: 345, y: 26, layer: 0
User colored: 8627665, x: 340, y: 24, layer: 0
User colored: 8627665, x: 334, y: 23, layer: 0
User colored: 8627665, x: 328, y: 23, layer: 0
User colored: 8627665, x: 324, y: 23, layer: 0
User colored: 8627665, x: 316, y: 23, layer: 0
User colored: 8627665, x: 311, y: 23, layer: 0
User colored: 8627665, x: 305, y: 23, layer: 0
User colored: 8627665, x: 300, y: 24, layer: 0
User colored: 8627665, x: 292, y: 28, layer: 0
User colored: 8627665, x: 287, y: 31, layer: 0
User colored: 8627665, x: 282, y: 34, layer: 0
User colored: 8627665, x: 277, y: 37, layer: 0
User colored: 8627665, x: 273, y: 40, layer: 0
User colored: 8627665, x: 266, y: 44, layer: 0
User colored: 8627665, x: 261, y: 47, layer: 0
User colored: 8627665, x: 259, y: 48, layer: 0
User colored: 8627665, x: 254, y: 51, layer: 0
User colored: 8627665, x: 251, y: 53, layer: 0
User colored: 8627665, x: 246, y: 56, layer: 0
User colored: 8627665, x: 242, y: 59, layer: 0
User colored: 8627665, x: 236, y: 62, layer: 0
User colored: 8627665, x: 230, y: 65, layer: 0
User colored: 8627665, x: 225, y: 68, layer: 0
User colored: 8627665, x: 219, y: 71, layer: 0
User colored: 8627665, x: 215, y: 73, layer: 0
User colored: 8627665, x: 211, y: 73, layer: 0
User colored: 8627665, x: 208, y: 74, layer: 0
User colored: 8627665, x: 207, y: 75, layer: 0
User colored: 8627665, x: 205, y: 76, layer: 0
User colored: 8627665, x: 204, y: 76, layer: 0
User colored: 8627665, x: 202, y: 78, layer: 0
User colored: 8627665, x: 193, y: 84, layer: 0
User colored: 8627665, x: 193, y: 95, layer: 0
User colored: 8627665, x: 195, y: 98, layer: 0
User colored: 8627665, x: 197, y: 100, layer: 0
User colored: 8627665, x: 199, y: 102, layer: 0
User colored: 8627665, x: 202, y: 104, layer: 0
User colored: 8627665, x: 207, y: 105, layer: 0
User colored: 8627665, x: 211, y: 105, layer: 0
User colored: 8627665, x: 215, y: 105, layer: 0
User colored: 8627665, x: 219, y: 105, layer: 0
User colored: 8627665, x: 223, y: 103, layer: 0
User colored: 8627665, x: 226, y: 101, layer: 0
User colored: 8627665, x: 228, y: 100, layer: 0
User colored: 8627665, x: 230, y: 98, layer: 0
User colored: 8627665, x: 234, y: 94, layer: 0
User colored: 8627665, x: 236, y: 92, layer: 0
User colored: 8627665, x: 238, y: 86, layer: 0
User colored: 8627665, x: 240, y: 82, layer: 0
User colored: 8627665, x: 240, y: 78, layer: 0
User colored: 8627665, x: 241, y: 76, layer: 0
User colored: 8627665, x: 241, y: 75, layer: 0
User colored: 8627665, x: 239, y: 72, layer: 0
User colored: 8627665, x: 236, y: 70, layer: 0
User colored: 8627665, x: 231, y: 67, layer: 0
User colored: 8627665, x: 226, y: 64, layer: 0
User colored: 8627665, x: 223, y: 62, layer: 0
User colored: 8627665, x: 222, y: 62, layer: 0
User colored: 8627665, x: 222, y: 61, layer: 0
User colored: 8627665, x: 221, y: 61, layer: 0
User colored: 8627665, x: 219, y: 60, layer: 0
User colored: 8627665, x: 215, y: 59, layer: 0
User colored: 8627665, x: 209, y: 57, layer: 0
User colored: 8627665, x: 202, y: 55, layer: 0
User colored: 8627665, x: 194, y: 54, layer: 0
User colored: 8627665, x: 187, y: 53, layer: 0
User colored: 8627665, x: 182, y: 53, layer: 0
User colored: 8627665, x: 176, y: 52, layer: 0
User colored: 8627665, x: 170, y: 52, layer: 0
User colored: 8627665, x: 166, y: 52, layer: 0
User colored: 8627665, x: 160, y: 52, layer: 0
User colored: 8627665, x: 153, y: 52, layer: 0
User colored: 8627665, x: 146, y: 54, layer: 0
User colored: 8627665, x: 137, y: 56, layer: 0
User colored: 8627665, x: 129, y: 57, layer: 0
User colored: 8627665, x: 122, y: 58, layer: 0
User colored: 8627665, x: 116, y: 59, layer: 0
User colored: 8627665, x: 112, y: 59, layer: 0
User colored: 8627665, x: 108, y: 60, layer: 0
User colored: 8627665, x: 106, y: 60, layer: 0
User colored: 8627665, x: 104, y: 62, layer: 0
User colored: 8627665, x: 102, y: 63, layer: 0
User colored: 8627665, x: 101, y: 64, layer: 0
User colored: 8627665, x: 100, y: 66, layer: 0
User colored: 8627665, x: 96, y: 70, layer: 0
User colored: 8627665, x: 93, y: 76, layer: 0
User colored: 8627665, x: 89, y: 83, layer: 0
User colored: 8627665, x: 87, y: 88, layer: 0
User colored: 8627665, x: 85, y: 93, layer: 0
User colored: 8627665, x: 85, y: 97, layer: 0
User colored: 8627665, x: 85, y: 100, layer: 0
User colored: 8627665, x: 85, y: 103, layer: 0
User colored: 8627665, x: 85, y: 106, layer: 0
User colored: 8627665, x: 85, y: 110, layer: 0
User colored: 8627665, x: 86, y: 114, layer: 0
User colored: 8627665, x: 88, y: 117, layer: 0
User colored: 8627665, x: 91, y: 121, layer: 0
User colored: 8627665, x: 95, y: 125, layer: 0
User colored: 8627665, x: 98, y: 127, layer: 0
User colored: 8627665, x: 102, y: 128, layer: 0
User colored: 8627665, x: 104, y: 129, layer: 0
User colored: 8627665, x: 106, y: 129, layer: 0
User colored: 8627665, x: 109, y: 127, layer: 0
User colored: 8627665, x: 113, y: 122, layer: 0
User colored: 8627665, x: 115, y: 120, layer: 0
User colored: 8627665, x: 116, y: 117, layer: 0
User colored: 8627665, x: 116, y: 116, layer: 0
User colored: 8627665, x: 116, y: 114, layer: 0
User colored: 8627665, x: 116, y: 110, layer: 0
User colored: 8627665, x: 116, y: 102, layer: 0
User colored: 8627665, x: 115, y: 93, layer: 0
User colored: 8627665, x: 113, y: 83, layer: 0
User colored: 8627665, x: 110, y: 75, layer: 0
User colored: 8627665, x: 107, y: 69, layer: 0
User colored: 8627665, x: 105, y: 67, layer: 0
User colored: 8627665, x: 103, y: 65, layer: 0
User colored: 8627665, x: 101, y: 65, layer: 0
User colored: 8627665, x: 100, y: 65, layer: 0
User colored: 8627665, x: 98, y: 65, layer: 0
User colored: 8627665, x: 96, y: 65, layer: 0
User colored: 8627665, x: 93, y: 68, layer: 0
User colored: 8627665, x: 87, y: 75, layer: 0
User colored: 8627665, x: 80, y: 87, layer: 0
User colored: 8627665, x: 71, y: 104, layer: 0
User colored: 8627665, x: 64, y: 122, layer: 0
User colored: 8627665, x: 60, y: 136, layer: 0
User colored: 8627665, x: 56, y: 152, layer: 0
User colored: 8627665, x: 56, y: 165, layer: 0
User colored: 8627665, x: 56, y: 177, layer: 0
User colored: 8627665, x: 56, y: 186, layer: 0
User colored: 8627665, x: 56, y: 194, layer: 0
User colored: 8627665, x: 56, y: 202, layer: 0
User colored: 8627665, x: 60, y: 210, layer: 0
User colored: 8627665, x: 62, y: 218, layer: 0
User colored: 8627665, x: 66, y: 226, layer: 0
User colored: 8627665, x: 68, y: 232, layer: 0
User colored: 8627665, x: 71, y: 237, layer: 0
User colored: 8627665, x: 74, y: 239, layer: 0
User colored: 8627665, x: 79, y: 241, layer: 0
User colored: 8627665, x: 83, y: 241, layer: 0
User colored: 8627665, x: 90, y: 241, layer: 0
User colored: 8627665, x: 99, y: 241, layer: 0
User colored: 8627665, x: 106, y: 241, layer: 0
User colored: 8627665, x: 117, y: 241, layer: 0
User colored: 8627665, x: 125, y: 240, layer: 0
User colored: 8627665, x: 133, y: 239, layer: 0
User colored: 8627665, x: 147, y: 234, layer: 0
User colored: 8627665, x: 159, y: 228, layer: 0
User colored: 8627665, x: 167, y: 224, layer: 0
User colored: 8627665, x: 173, y: 218, layer: 0
User erased: 8627665, x: 107, y: 69, layer: 0
User erased: 8627665, x: 89, y: 83, layer: 0
User erased: 8627665, x: 105, y: 67, layer: 0
User erased: 8627665, x: 108, y: 60, layer: 0
User erased: 8627665, x: 100, y: 66, layer: 0
User erased: 8627665, x: 100, y: 65, layer: 0
User erased: 8627665, x: 101, y: 65, layer: 0
User erased: 8627665, x: 103, y: 65, layer: 0
User erased: 8627665, x: 101, y: 64, layer: 0
User erased: 8627665, x: 104, y: 62, layer: 0
User erased: 8627665, x: 106, y: 60, layer: 0
User erased: 8627665, x: 102, y: 63, layer: 0
User erased: 8627665, x: 96, y: 70, layer: 0
User erased: 8627665, x: 93, y: 76, layer: 0
User erased: 8627665, x: 87, y: 88, layer: 0
User erased: 8627665, x: 85, y: 93, layer: 0
User erased: 8627665, x: 96, y: 65, layer: 0
User erased: 8627665, x: 98, y: 65, layer: 0
User erased: 8627665, x: 85, y: 103, layer: 0
User erased: 8627665, x: 80, y: 87, layer: 0
User erased: 8627665, x: 85, y: 97, layer: 0
User erased: 8627665, x: 85, y: 100, layer: 0
User erased: 8627665, x: 85, y: 106, layer: 0
User erased: 8627665, x: 64, y: 122, layer: 0
User erased: 8627665, x: 60, y: 136, layer: 0
User erased: 8627665, x: 71, y: 104, layer: 0
User erased: 8627665, x: 116, y: 110, layer: 0
User erased: 8627665, x: 86, y: 114, layer: 0
User erased: 8627665, x: 91, y: 121, layer: 0
User erased: 8627665, x: 88, y: 117, layer: 0
User erased: 8627665, x: 85, y: 110, layer: 0
User erased: 8627665, x: 95, y: 125, layer: 0
User erased: 8627665, x: 87, y: 75, layer: 0
User erased: 8627665, x: 93, y: 68, layer: 0
User erased: 8627665, x: 252, y: 174, layer: 0
User erased: 8627665, x: 225, y: 135, layer: 0
User erased: 8627665, x: 237, y: 114, layer: 0
User erased: 8627665, x: 222, y: 157, layer: 0
User erased: 8627665, x: 222, y: 159, layer: 0
User erased: 8627665, x: 277, y: 160, layer: 0
User erased: 8627665, x: 277, y: 163, layer: 0
User erased: 8627665, x: 259, y: 110, layer: 0
User erased: 8627665, x: 261, y: 111, layer: 0
User came online: 8627665 (undefined)
User went offline: 8627665 (undefined)
User came online: 8627665 (undefined)
User went offline: 8627665 (undefined)
User came online: 8627665 (undefined)
User went offline: 8627665 (undefined)
User came online: 8627665 (undefined)
User came online: 8627665 (undefined)
User went offline: 8627665 (undefined)
User came online: 8627665 (undefined)
User went offline: 8627665 (undefined)
User came online: 8627665 (undefined)
User went offline: 8627665 (undefined)
User came online: 8627665 (undefined)
User went offline: 8627665 (undefined)
User came online: 8627665 (undefined)
User went offline: 8627665 (undefined)
User came online: 8627665 (undefined)
User went offline: 8627665 (undefined)
User came online: 8627665 (undefined)
User went offline: 8627665 (undefined)
User came online: 8627665 (undefined)
User went offline: 8627665 (undefined)
User came online: 8627665 (undefined)
User went offline: 8627665 (undefined)
User came online: 8627665 (undefined)
User went offline: 8627665 (undefined)
User came online: 8627665 (undefined)
User came online: 8627665 (undefined)
User colored: 8627665, x: 187, y: 120, layer: 0
User colored: 8627665, x: 186, y: 120, layer: 0
User colored: 8627665, x: 184, y: 120, layer: 0
User colored: 8627665, x: 180, y: 120, layer: 0
User colored: 8627665, x: 177, y: 122, layer: 0
User colored: 8627665, x: 174, y: 124, layer: 0
User colored: 8627665, x: 169, y: 129, layer: 0
User colored: 8627665, x: 166, y: 134, layer: 0
User colored: 8627665, x: 164, y: 138, layer: 0
User colored: 8627665, x: 162, y: 142, layer: 0
User colored: 8627665, x: 160, y: 148, layer: 0
User colored: 8627665, x: 158, y: 155, layer: 0
User colored: 8627665, x: 156, y: 162, layer: 0
User colored: 8627665, x: 156, y: 168, layer: 0
User colored: 8627665, x: 156, y: 173, layer: 0
User colored: 8627665, x: 156, y: 176, layer: 0
User colored: 8627665, x: 156, y: 179, layer: 0
User colored: 8627665, x: 157, y: 181, layer: 0
User colored: 8627665, x: 160, y: 182, layer: 0
User colored: 8627665, x: 163, y: 184, layer: 0
User colored: 8627665, x: 167, y: 185, layer: 0
User colored: 8627665, x: 170, y: 186, layer: 0
User colored: 8627665, x: 173, y: 186, layer: 0
User colored: 8627665, x: 176, y: 186, layer: 0
User colored: 8627665, x: 181, y: 186, layer: 0
User colored: 8627665, x: 185, y: 186, layer: 0
User colored: 8627665, x: 187, y: 186, layer: 0
User colored: 8627665, x: 190, y: 186, layer: 0
User colored: 8627665, x: 192, y: 184, layer: 0
User colored: 8627665, x: 194, y: 184, layer: 0
User colored: 8627665, x: 194, y: 182, layer: 0
User colored: 8627665, x: 194, y: 180, layer: 0
User colored: 8627665, x: 194, y: 177, layer: 0
User colored: 8627665, x: 195, y: 173, layer: 0
User colored: 8627665, x: 196, y: 168, layer: 0
User colored: 8627665, x: 196, y: 163, layer: 0
User colored: 8627665, x: 197, y: 159, layer: 0
User colored: 8627665, x: 197, y: 152, layer: 0
User colored: 8627665, x: 199, y: 139, layer: 0
User colored: 8627665, x: 201, y: 130, layer: 0
User colored: 8627665, x: 205, y: 121, layer: 0
User colored: 8627665, x: 209, y: 115, layer: 0
User colored: 8627665, x: 212, y: 112, layer: 0
User colored: 8627665, x: 217, y: 108, layer: 0
User colored: 8627665, x: 220, y: 107, layer: 0
User colored: 8627665, x: 224, y: 106, layer: 0
User colored: 8627665, x: 227, y: 106, layer: 0
User colored: 8627665, x: 233, y: 106, layer: 0
User colored: 8627665, x: 237, y: 106, layer: 0
User colored: 8627665, x: 242, y: 106, layer: 0
User colored: 8627665, x: 247, y: 106, layer: 0
User colored: 8627665, x: 252, y: 109, layer: 0
User colored: 8627665, x: 256, y: 115, layer: 0
User colored: 8627665, x: 259, y: 124, layer: 0
User colored: 8627665, x: 263, y: 134, layer: 0
User colored: 8627665, x: 266, y: 145, layer: 0
User colored: 8627665, x: 270, y: 154, layer: 0
User colored: 8627665, x: 274, y: 162, layer: 0
User colored: 8627665, x: 276, y: 166, layer: 0
User colored: 8627665, x: 277, y: 170, layer: 0
User colored: 8627665, x: 278, y: 172, layer: 0
User colored: 8627665, x: 278, y: 173, layer: 0
User colored: 8627665, x: 278, y: 174, layer: 0
User colored: 8627665, x: 278, y: 180, layer: 0
User colored: 8627665, x: 278, y: 185, layer: 0
User colored: 8627665, x: 278, y: 191, layer: 0
User colored: 8627665, x: 277, y: 198, layer: 0
User colored: 8627665, x: 276, y: 203, layer: 0
User colored: 8627665, x: 275, y: 207, layer: 0
User colored: 8627665, x: 274, y: 210, layer: 0
User colored: 8627665, x: 274, y: 213, layer: 0
User colored: 8627665, x: 272, y: 217, layer: 0
User colored: 8627665, x: 270, y: 220, layer: 0
User colored: 8627665, x: 269, y: 222, layer: 0
User colored: 8627665, x: 267, y: 224, layer: 0
User colored: 8627665, x: 265, y: 225, layer: 0
User colored: 8627665, x: 263, y: 227, layer: 0
User colored: 8627665, x: 261, y: 228, layer: 0
User colored: 8627665, x: 259, y: 228, layer: 0
User colored: 8627665, x: 258, y: 229, layer: 0
User colored: 8627665, x: 258, y: 230, layer: 0
User colored: 8627665, x: 259, y: 231, layer: 0
User colored: 8627665, x: 263, y: 233, layer: 0
User colored: 8627665, x: 268, y: 235, layer: 0
User colored: 8627665, x: 276, y: 238, layer: 0
User colored: 8627665, x: 285, y: 239, layer: 0
User colored: 8627665, x: 295, y: 240, layer: 0
User colored: 8627665, x: 304, y: 241, layer: 0
User colored: 8627665, x: 312, y: 241, layer: 0
User colored: 8627665, x: 317, y: 241, layer: 0
User colored: 8627665, x: 322, y: 241, layer: 0
User colored: 8627665, x: 325, y: 241, layer: 0
User colored: 8627665, x: 327, y: 241, layer: 0
User colored: 8627665, x: 328, y: 241, layer: 0
User colored: 8627665, x: 329, y: 241, layer: 0
User colored: 8627665, x: 331, y: 241, layer: 0
User colored: 8627665, x: 337, y: 235, layer: 0
User colored: 8627665, x: 344, y: 226, layer: 0
User colored: 8627665, x: 349, y: 217, layer: 0
User colored: 8627665, x: 353, y: 206, layer: 0
User colored: 8627665, x: 356, y: 196, layer: 0
User colored: 8627665, x: 357, y: 188, layer: 0
User colored: 8627665, x: 358, y: 180, layer: 0
User colored: 8627665, x: 358, y: 172, layer: 0
User colored: 8627665, x: 358, y: 163, layer: 0
User colored: 8627665, x: 358, y: 154, layer: 0
User colored: 8627665, x: 358, y: 148, layer: 0
User colored: 8627665, x: 358, y: 143, layer: 0
User colored: 8627665, x: 358, y: 138, layer: 0
User colored: 8627665, x: 358, y: 135, layer: 0
User colored: 8627665, x: 359, y: 133, layer: 0
User colored: 8627665, x: 360, y: 132, layer: 0
User colored: 8627665, x: 361, y: 130, layer: 0
User colored: 8627665, x: 361, y: 129, layer: 0
User colored: 8627665, x: 362, y: 125, layer: 0
User colored: 8627665, x: 365, y: 120, layer: 0
User colored: 8627665, x: 369, y: 114, layer: 0
User colored: 8627665, x: 372, y: 108, layer: 0
User colored: 8627665, x: 376, y: 102, layer: 0
User colored: 8627665, x: 378, y: 98, layer: 0
User colored: 8627665, x: 381, y: 95, layer: 0
User colored: 8627665, x: 385, y: 89, layer: 0
User colored: 8627665, x: 389, y: 84, layer: 0
User colored: 8627665, x: 391, y: 81, layer: 0
User colored: 8627665, x: 393, y: 78, layer: 0
User colored: 8627665, x: 394, y: 77, layer: 0
User colored: 8627665, x: 396, y: 77, layer: 0
User colored: 8627665, x: 397, y: 77, layer: 0
User colored: 8627665, x: 399, y: 78, layer: 0
User colored: 8627665, x: 402, y: 81, layer: 0
User colored: 8627665, x: 405, y: 85, layer: 0
User colored: 8627665, x: 409, y: 88, layer: 0
User colored: 8627665, x: 410, y: 90, layer: 0
User colored: 8627665, x: 413, y: 94, layer: 0
User colored: 8627665, x: 414, y: 98, layer: 0
User colored: 8627665, x: 416, y: 103, layer: 0
User colored: 8627665, x: 416, y: 109, layer: 0
User colored: 8627665, x: 417, y: 117, layer: 0
User colored: 8627665, x: 417, y: 121, layer: 0
User colored: 8627665, x: 417, y: 129, layer: 0
User colored: 8627665, x: 417, y: 130, layer: 0
User colored: 8627665, x: 417, y: 138, layer: 0
User colored: 8627665, x: 417, y: 143, layer: 0
User colored: 8627665, x: 417, y: 147, layer: 0
User colored: 8627665, x: 417, y: 151, layer: 0
User colored: 8627665, x: 418, y: 155, layer: 0
User colored: 8627665, x: 418, y: 158, layer: 0
User colored: 8627665, x: 420, y: 164, layer: 0
User colored: 8627665, x: 421, y: 169, layer: 0
User colored: 8627665, x: 421, y: 175, layer: 0
User colored: 8627665, x: 421, y: 182, layer: 0
User colored: 8627665, x: 421, y: 186, layer: 0
User colored: 8627665, x: 422, y: 192, layer: 0
User colored: 8627665, x: 422, y: 197, layer: 0
User colored: 8627665, x: 422, y: 203, layer: 0
User colored: 8627665, x: 422, y: 209, layer: 0
User colored: 8627665, x: 422, y: 217, layer: 0
User colored: 8627665, x: 422, y: 223, layer: 0
User colored: 8627665, x: 422, y: 228, layer: 0
User colored: 8627665, x: 422, y: 234, layer: 0
User colored: 8627665, x: 422, y: 240, layer: 0
User colored: 8627665, x: 422, y: 246, layer: 0
User colored: 8627665, x: 422, y: 250, layer: 0
User colored: 8627665, x: 421, y: 253, layer: 0
User colored: 8627665, x: 421, y: 255, layer: 0
User colored: 8627665, x: 421, y: 256, layer: 0
User colored: 8627665, x: 420, y: 257, layer: 0
User colored: 8627665, x: 420, y: 258, layer: 0
User colored: 8627665, x: 419, y: 259, layer: 0
User colored: 8627665, x: 418, y: 260, layer: 0
User colored: 8627665, x: 418, y: 261, layer: 0
User colored: 8627665, x: 416, y: 261, layer: 0
User colored: 8627665, x: 414, y: 261, layer: 0
User colored: 8627665, x: 412, y: 263, layer: 0
User colored: 8627665, x: 410, y: 264, layer: 0
User colored: 8627665, x: 406, y: 265, layer: 0
User colored: 8627665, x: 404, y: 267, layer: 0
User colored: 8627665, x: 402, y: 268, layer: 0
User colored: 8627665, x: 400, y: 269, layer: 0
User colored: 8627665, x: 399, y: 270, layer: 0
User colored: 8627665, x: 397, y: 270, layer: 0
User colored: 8627665, x: 396, y: 271, layer: 0
User colored: 8627665, x: 394, y: 273, layer: 0
User colored: 8627665, x: 391, y: 274, layer: 0
User colored: 8627665, x: 385, y: 276, layer: 0
User colored: 8627665, x: 379, y: 277, layer: 0
User colored: 8627665, x: 374, y: 277, layer: 0
User colored: 8627665, x: 370, y: 277, layer: 0
User colored: 8627665, x: 366, y: 277, layer: 0
User colored: 8627665, x: 363, y: 277, layer: 0
User colored: 8627665, x: 360, y: 277, layer: 0
User colored: 8627665, x: 358, y: 276, layer: 0
User colored: 8627665, x: 69, y: 83, layer: 5
User colored: 8627665, x: 67, y: 89, layer: 5
User colored: 8627665, x: 65, y: 93, layer: 5
User colored: 8627665, x: 63, y: 97, layer: 5
User colored: 8627665, x: 62, y: 101, layer: 5
User colored: 8627665, x: 61, y: 104, layer: 5
User colored: 8627665, x: 61, y: 107, layer: 5
User colored: 8627665, x: 60, y: 111, layer: 5
User colored: 8627665, x: 59, y: 115, layer: 5
User colored: 8627665, x: 59, y: 119, layer: 5
User colored: 8627665, x: 59, y: 122, layer: 5
User colored: 8627665, x: 59, y: 125, layer: 5
User colored: 8627665, x: 59, y: 127, layer: 5
User colored: 8627665, x: 59, y: 129, layer: 5
User colored: 8627665, x: 59, y: 131, layer: 5
User colored: 8627665, x: 58, y: 134, layer: 5
User colored: 8627665, x: 58, y: 136, layer: 5
User colored: 8627665, x: 57, y: 140, layer: 5
User colored: 8627665, x: 57, y: 142, layer: 5
User colored: 8627665, x: 56, y: 148, layer: 5
User colored: 8627665, x: 56, y: 152, layer: 5
User colored: 8627665, x: 55, y: 155, layer: 5
User colored: 8627665, x: 55, y: 158, layer: 5
User colored: 8627665, x: 55, y: 160, layer: 5
User colored: 8627665, x: 55, y: 162, layer: 5
User colored: 8627665, x: 55, y: 164, layer: 5
User colored: 8627665, x: 55, y: 165, layer: 5
User colored: 8627665, x: 55, y: 167, layer: 5
User colored: 8627665, x: 55, y: 168, layer: 5
User colored: 8627665, x: 55, y: 167, layer: 5
User colored: 8627665, x: 55, y: 165, layer: 5
User colored: 8627665, x: 55, y: 162, layer: 5
User colored: 8627665, x: 55, y: 160, layer: 5
User colored: 8627665, x: 55, y: 157, layer: 5
User colored: 8627665, x: 55, y: 156, layer: 5
User colored: 8627665, x: 54, y: 154, layer: 5
User colored: 8627665, x: 52, y: 152, layer: 5
User colored: 8627665, x: 50, y: 149, layer: 5
User colored: 8627665, x: 47, y: 145, layer: 5
User colored: 8627665, x: 43, y: 140, layer: 5
User colored: 8627665, x: 39, y: 135, layer: 5
User colored: 8627665, x: 36, y: 130, layer: 5
User colored: 8627665, x: 33, y: 126, layer: 5
User colored: 8627665, x: 32, y: 120, layer: 5
User colored: 8627665, x: 30, y: 113, layer: 5
User colored: 8627665, x: 29, y: 106, layer: 5
User colored: 8627665, x: 29, y: 101, layer: 5
User colored: 8627665, x: 28, y: 94, layer: 5
User colored: 8627665, x: 27, y: 89, layer: 5
User colored: 8627665, x: 27, y: 82, layer: 5
User colored: 8627665, x: 26, y: 76, layer: 5
User colored: 8627665, x: 26, y: 70, layer: 5
User colored: 8627665, x: 26, y: 66, layer: 5
User colored: 8627665, x: 26, y: 63, layer: 5
User colored: 8627665, x: 26, y: 62, layer: 5
User colored: 8627665, x: 26, y: 60, layer: 5
User colored: 8627665, x: 27, y: 60, layer: 5
User colored: 8627665, x: 30, y: 59, layer: 5
User colored: 8627665, x: 34, y: 57, layer: 5
User colored: 8627665, x: 38, y: 56, layer: 5
User colored: 8627665, x: 42, y: 54, layer: 5
User colored: 8627665, x: 44, y: 54, layer: 5
User colored: 8627665, x: 46, y: 54, layer: 5
User colored: 8627665, x: 48, y: 54, layer: 5
User colored: 8627665, x: 49, y: 54, layer: 5
User colored: 8627665, x: 51, y: 54, layer: 5
User colored: 8627665, x: 54, y: 54, layer: 5
User colored: 8627665, x: 57, y: 55, layer: 5
User colored: 8627665, x: 60, y: 57, layer: 5
User colored: 8627665, x: 62, y: 58, layer: 5
User colored: 8627665, x: 65, y: 59, layer: 5
User colored: 8627665, x: 66, y: 60, layer: 5
User colored: 8627665, x: 69, y: 63, layer: 5
User colored: 8627665, x: 70, y: 66, layer: 5
User colored: 8627665, x: 72, y: 69, layer: 5
User colored: 8627665, x: 74, y: 74, layer: 5
User colored: 8627665, x: 75, y: 80, layer: 5
User colored: 8627665, x: 76, y: 83, layer: 5
User colored: 8627665, x: 77, y: 87, layer: 5
User colored: 8627665, x: 78, y: 92, layer: 5
User colored: 8627665, x: 78, y: 95, layer: 5
User colored: 8627665, x: 78, y: 99, layer: 5
User colored: 8627665, x: 78, y: 105, layer: 5
User colored: 8627665, x: 78, y: 110, layer: 5
User colored: 8627665, x: 78, y: 115, layer: 5
User colored: 8627665, x: 76, y: 119, layer: 5
User colored: 8627665, x: 74, y: 123, layer: 5
User colored: 8627665, x: 72, y: 126, layer: 5
User colored: 8627665, x: 70, y: 128, layer: 5
User colored: 8627665, x: 68, y: 130, layer: 5
User colored: 8627665, x: 65, y: 132, layer: 5
User colored: 8627665, x: 61, y: 134, layer: 5
User colored: 8627665, x: 58, y: 136, layer: 5
User colored: 8627665, x: 55, y: 136, layer: 5
User colored: 8627665, x: 52, y: 137, layer: 5
User colored: 8627665, x: 49, y: 137, layer: 5
User colored: 8627665, x: 46, y: 137, layer: 5
User colored: 8627665, x: 43, y: 137, layer: 5
User colored: 8627665, x: 40, y: 134, layer: 5
User colored: 8627665, x: 38, y: 131, layer: 5
User colored: 8627665, x: 36, y: 127, layer: 5
User colored: 8627665, x: 33, y: 121, layer: 5
User colored: 8627665, x: 32, y: 115, layer: 5
User colored: 8627665, x: 31, y: 105, layer: 5
User colored: 8627665, x: 30, y: 95, layer: 5
User colored: 8627665, x: 30, y: 87, layer: 5
User colored: 8627665, x: 30, y: 80, layer: 5
User colored: 8627665, x: 30, y: 75, layer: 5
User colored: 8627665, x: 30, y: 70, layer: 5
User colored: 8627665, x: 30, y: 66, layer: 5
User colored: 8627665, x: 30, y: 65, layer: 5
User colored: 8627665, x: 30, y: 64, layer: 5
User colored: 8627665, x: 31, y: 63, layer: 5
User colored: 8627665, x: 32, y: 62, layer: 5
User colored: 8627665, x: 34, y: 60, layer: 5
User colored: 8627665, x: 36, y: 59, layer: 5
User colored: 8627665, x: 38, y: 57, layer: 5
User colored: 8627665, x: 40, y: 56, layer: 5
User colored: 8627665, x: 42, y: 56, layer: 5
User colored: 8627665, x: 44, y: 56, layer: 5
User colored: 8627665, x: 47, y: 56, layer: 5
User colored: 8627665, x: 51, y: 56, layer: 5
User colored: 8627665, x: 56, y: 56, layer: 5
User colored: 8627665, x: 61, y: 56, layer: 5
User colored: 8627665, x: 67, y: 57, layer: 5
User colored: 8627665, x: 73, y: 60, layer: 5
User colored: 8627665, x: 75, y: 62, layer: 5
User colored: 8627665, x: 77, y: 64, layer: 5
User colored: 8627665, x: 79, y: 69, layer: 5
User colored: 8627665, x: 79, y: 74, layer: 5
User colored: 8627665, x: 81, y: 79, layer: 5
User colored: 8627665, x: 81, y: 85, layer: 5
User colored: 8627665, x: 82, y: 92, layer: 5
User colored: 8627665, x: 82, y: 97, layer: 5
User colored: 8627665, x: 82, y: 104, layer: 5
User colored: 8627665, x: 82, y: 108, layer: 5
User colored: 8627665, x: 82, y: 114, layer: 5
User colored: 8627665, x: 82, y: 119, layer: 5
User colored: 8627665, x: 81, y: 124, layer: 5
User colored: 8627665, x: 79, y: 131, layer: 5
User colored: 8627665, x: 78, y: 139, layer: 5
User colored: 8627665, x: 77, y: 147, layer: 5
User colored: 8627665, x: 76, y: 156, layer: 5
User colored: 8627665, x: 75, y: 167, layer: 5
User colored: 8627665, x: 74, y: 180, layer: 5
User colored: 8627665, x: 74, y: 189, layer: 5
User colored: 8627665, x: 74, y: 197, layer: 5
User colored: 8627665, x: 74, y: 203, layer: 5
User colored: 8627665, x: 74, y: 206, layer: 5
User colored: 8627665, x: 74, y: 208, layer: 5
User colored: 8627665, x: 73, y: 208, layer: 5
User colored: 8627665, x: 38, y: 282, layer: 5
User colored: 8627665, x: 43, y: 285, layer: 5
User colored: 8627665, x: 52, y: 287, layer: 5
User colored: 8627665, x: 63, y: 290, layer: 5
User colored: 8627665, x: 73, y: 292, layer: 5
User colored: 8627665, x: 86, y: 294, layer: 5
User colored: 8627665, x: 98, y: 295, layer: 5
User colored: 8627665, x: 106, y: 296, layer: 5
User colored: 8627665, x: 116, y: 298, layer: 5
User colored: 8627665, x: 120, y: 299, layer: 5
User colored: 8627665, x: 123, y: 300, layer: 5
User colored: 8627665, x: 127, y: 301, layer: 5
User colored: 8627665, x: 130, y: 302, layer: 5
User colored: 8627665, x: 131, y: 303, layer: 5
User colored: 8627665, x: 132, y: 303, layer: 5
User colored: 8627665, x: 132, y: 304, layer: 5
User colored: 8627665, x: 131, y: 304, layer: 5
User colored: 8627665, x: 126, y: 304, layer: 5
User colored: 8627665, x: 116, y: 304, layer: 5
User colored: 8627665, x: 105, y: 304, layer: 5
User colored: 8627665, x: 92, y: 302, layer: 5
User colored: 8627665, x: 84, y: 301, layer: 5
User colored: 8627665, x: 72, y: 300, layer: 5
User colored: 8627665, x: 65, y: 299, layer: 5
User colored: 8627665, x: 59, y: 298, layer: 5
User colored: 8627665, x: 55, y: 298, layer: 5
User colored: 8627665, x: 50, y: 298, layer: 5
User colored: 8627665, x: 48, y: 298, layer: 5
User colored: 8627665, x: 47, y: 298, layer: 5
User colored: 8627665, x: 48, y: 298, layer: 5
User colored: 8627665, x: 55, y: 299, layer: 5
User colored: 8627665, x: 69, y: 304, layer: 5
User colored: 8627665, x: 87, y: 308, layer: 5
User colored: 8627665, x: 101, y: 309, layer: 5
User colored: 8627665, x: 116, y: 311, layer: 5
User colored: 8627665, x: 127, y: 311, layer: 5
User colored: 8627665, x: 132, y: 311, layer: 5
User colored: 8627665, x: 136, y: 311, layer: 5
User colored: 8627665, x: 137, y: 310, layer: 5
User colored: 8627665, x: 138, y: 310, layer: 5
User colored: 8627665, x: 138, y: 309, layer: 5
User colored: 8627665, x: 136, y: 308, layer: 5
User colored: 8627665, x: 130, y: 305, layer: 5
User colored: 8627665, x: 121, y: 302, layer: 5
User colored: 8627665, x: 113, y: 300, layer: 5
User colored: 8627665, x: 103, y: 300, layer: 5
User colored: 8627665, x: 94, y: 300, layer: 5
User colored: 8627665, x: 85, y: 300, layer: 5
User colored: 8627665, x: 77, y: 300, layer: 5
User colored: 8627665, x: 71, y: 300, layer: 5
User colored: 8627665, x: 67, y: 300, layer: 5
User colored: 8627665, x: 65, y: 300, layer: 5
User colored: 8627665, x: 64, y: 300, layer: 5
User colored: 8627665, x: 66, y: 300, layer: 5
User colored: 8627665, x: 71, y: 300, layer: 5
User colored: 8627665, x: 80, y: 302, layer: 5
User colored: 8627665, x: 89, y: 304, layer: 5
User colored: 8627665, x: 100, y: 305, layer: 5
User colored: 8627665, x: 110, y: 306, layer: 5
User colored: 8627665, x: 117, y: 306, layer: 5
User colored: 8627665, x: 120, y: 306, layer: 5
User colored: 8627665, x: 123, y: 305, layer: 5
User colored: 8627665, x: 124, y: 303, layer: 5
User colored: 8627665, x: 124, y: 302, layer: 5
User colored: 8627665, x: 291, y: 208, layer: 5
User colored: 8627665, x: 287, y: 212, layer: 5
User colored: 8627665, x: 281, y: 218, layer: 5
User colored: 8627665, x: 275, y: 227, layer: 5
User colored: 8627665, x: 271, y: 232, layer: 5
User colored: 8627665, x: 268, y: 236, layer: 5
User colored: 8627665, x: 267, y: 241, layer: 5
User colored: 8627665, x: 267, y: 244, layer: 5
User colored: 8627665, x: 267, y: 247, layer: 5
User colored: 8627665, x: 270, y: 250, layer: 5
User colored: 8627665, x: 274, y: 251, layer: 5
User colored: 8627665, x: 282, y: 253, layer: 5
User colored: 8627665, x: 292, y: 254, layer: 5
User colored: 8627665, x: 305, y: 256, layer: 5
User colored: 8627665, x: 317, y: 256, layer: 5
User colored: 8627665, x: 327, y: 256, layer: 5
User colored: 8627665, x: 334, y: 254, layer: 5
User colored: 8627665, x: 338, y: 250, layer: 5
User colored: 8627665, x: 341, y: 245, layer: 5
User colored: 8627665, x: 341, y: 239, layer: 5
User colored: 8627665, x: 341, y: 233, layer: 5
User colored: 8627665, x: 341, y: 226, layer: 5
User colored: 8627665, x: 337, y: 218, layer: 5
User colored: 8627665, x: 335, y: 213, layer: 5
User colored: 8627665, x: 331, y: 206, layer: 5
User colored: 8627665, x: 329, y: 204, layer: 5
User colored: 8627665, x: 327, y: 201, layer: 5
User colored: 8627665, x: 326, y: 200, layer: 5
User came online: 8627665 (undefined)
User colored: 8627665, x: 135, y: 145, layer: 0
User colored: 8627665, x: 128, y: 145, layer: 0
User colored: 8627665, x: 119, y: 146, layer: 0
User colored: 8627665, x: 107, y: 149, layer: 0
User colored: 8627665, x: 98, y: 154, layer: 0
User colored: 8627665, x: 90, y: 162, layer: 0
User colored: 8627665, x: 85, y: 172, layer: 0
User colored: 8627665, x: 83, y: 184, layer: 0
User colored: 8627665, x: 83, y: 199, layer: 0
User colored: 8627665, x: 87, y: 212, layer: 0
User colored: 8627665, x: 93, y: 219, layer: 0
User colored: 8627665, x: 102, y: 224, layer: 0
User colored: 8627665, x: 110, y: 225, layer: 0
User colored: 8627665, x: 123, y: 225, layer: 0
User colored: 8627665, x: 135, y: 223, layer: 0
User colored: 8627665, x: 146, y: 218, layer: 0
User colored: 8627665, x: 154, y: 213, layer: 0
User colored: 8627665, x: 163, y: 207, layer: 0
User colored: 8627665, x: 166, y: 204, layer: 0
User colored: 8627665, x: 168, y: 201, layer: 0
User colored: 8627665, x: 169, y: 196, layer: 0
User colored: 8627665, x: 169, y: 190, layer: 0
User colored: 8627665, x: 169, y: 184, layer: 0
User colored: 8627665, x: 169, y: 177, layer: 0
User colored: 8627665, x: 169, y: 170, layer: 0
User colored: 8627665, x: 169, y: 165, layer: 0
User colored: 8627665, x: 169, y: 161, layer: 0
User colored: 8627665, x: 169, y: 156, layer: 0
User colored: 8627665, x: 172, y: 150, layer: 0
User colored: 8627665, x: 177, y: 142, layer: 0
User colored: 8627665, x: 185, y: 134, layer: 0
User colored: 8627665, x: 191, y: 130, layer: 0
User colored: 8627665, x: 195, y: 128, layer: 0
User colored: 8627665, x: 204, y: 126, layer: 0
User colored: 8627665, x: 212, y: 126, layer: 0
User colored: 8627665, x: 224, y: 127, layer: 0
User colored: 8627665, x: 235, y: 135, layer: 0
User colored: 8627665, x: 243, y: 142, layer: 0
User colored: 8627665, x: 252, y: 151, layer: 0
User colored: 8627665, x: 260, y: 160, layer: 0
User colored: 8627665, x: 265, y: 167, layer: 0
User colored: 8627665, x: 268, y: 173, layer: 0
User colored: 8627665, x: 270, y: 180, layer: 0
User colored: 8627665, x: 271, y: 186, layer: 0
User colored: 8627665, x: 273, y: 194, layer: 0
User colored: 8627665, x: 274, y: 204, layer: 0
User colored: 8627665, x: 277, y: 216, layer: 0
User colored: 8627665, x: 279, y: 227, layer: 0
User colored: 8627665, x: 280, y: 234, layer: 0
User colored: 8627665, x: 281, y: 241, layer: 0
User colored: 8627665, x: 282, y: 246, layer: 0
User colored: 8627665, x: 282, y: 251, layer: 0
User colored: 8627665, x: 282, y: 253, layer: 0
User colored: 8627665, x: 282, y: 254, layer: 0
User colored: 8627665, x: 282, y: 255, layer: 0
User colored: 8627665, x: 282, y: 256, layer: 0
User colored: 8627665, x: 284, y: 258, layer: 0
User colored: 8627665, x: 286, y: 262, layer: 0
User colored: 8627665, x: 290, y: 268, layer: 0
User colored: 8627665, x: 294, y: 274, layer: 0
User colored: 8627665, x: 299, y: 279, layer: 0
User colored: 8627665, x: 304, y: 283, layer: 0
User colored: 8627665, x: 309, y: 284, layer: 0
User colored: 8627665, x: 316, y: 286, layer: 0
User colored: 8627665, x: 325, y: 287, layer: 0
User colored: 8627665, x: 336, y: 290, layer: 0
User colored: 8627665, x: 347, y: 292, layer: 0
User colored: 8627665, x: 354, y: 293, layer: 0
User colored: 8627665, x: 359, y: 294, layer: 0
User colored: 8627665, x: 362, y: 295, layer: 0
User colored: 8627665, x: 363, y: 295, layer: 0
User colored: 8627665, x: 368, y: 294, layer: 0
User colored: 8627665, x: 375, y: 291, layer: 0
User colored: 8627665, x: 382, y: 288, layer: 0
User colored: 8627665, x: 388, y: 284, layer: 0
User colored: 8627665, x: 394, y: 280, layer: 0
User colored: 8627665, x: 397, y: 276, layer: 0
User colored: 8627665, x: 399, y: 272, layer: 0
User colored: 8627665, x: 401, y: 267, layer: 0
User colored: 8627665, x: 403, y: 262, layer: 0
User colored: 8627665, x: 404, y: 257, layer: 0
User colored: 8627665, x: 405, y: 254, layer: 0
User colored: 8627665, x: 406, y: 251, layer: 0
User colored: 8627665, x: 406, y: 248, layer: 0
User colored: 8627665, x: 407, y: 244, layer: 0
User colored: 8627665, x: 407, y: 240, layer: 0
User colored: 8627665, x: 407, y: 236, layer: 0
User colored: 8627665, x: 407, y: 232, layer: 0
User colored: 8627665, x: 408, y: 229, layer: 0
User colored: 8627665, x: 409, y: 224, layer: 0
User colored: 8627665, x: 409, y: 219, layer: 0
User colored: 8627665, x: 409, y: 213, layer: 0
User colored: 8627665, x: 409, y: 205, layer: 0
User colored: 8627665, x: 407, y: 198, layer: 0
User colored: 8627665, x: 405, y: 192, layer: 0
User colored: 8627665, x: 402, y: 185, layer: 0
User colored: 8627665, x: 399, y: 177, layer: 0
User colored: 8627665, x: 396, y: 168, layer: 0
User colored: 8627665, x: 393, y: 159, layer: 0
User colored: 8627665, x: 391, y: 152, layer: 0
User colored: 8627665, x: 390, y: 145, layer: 0
User colored: 8627665, x: 389, y: 139, layer: 0
User colored: 8627665, x: 388, y: 131, layer: 0
User colored: 8627665, x: 388, y: 126, layer: 0
User colored: 8627665, x: 387, y: 119, layer: 0
User colored: 8627665, x: 387, y: 114, layer: 0
User colored: 8627665, x: 386, y: 109, layer: 0
User colored: 8627665, x: 386, y: 106, layer: 0
User colored: 8627665, x: 386, y: 103, layer: 0
User colored: 8627665, x: 386, y: 101, layer: 0
User colored: 8627665, x: 386, y: 100, layer: 0
User colored: 8627665, x: 386, y: 97, layer: 0
User colored: 8627665, x: 386, y: 94, layer: 0
User colored: 8627665, x: 387, y: 90, layer: 0
User colored: 8627665, x: 387, y: 87, layer: 0
User colored: 8627665, x: 387, y: 86, layer: 0
User colored: 8627665, x: 387, y: 85, layer: 0
User colored: 8627665, x: 387, y: 80, layer: 0
User colored: 8627665, x: 384, y: 68, layer: 0
User colored: 8627665, x: 380, y: 57, layer: 0
User colored: 8627665, x: 375, y: 45, layer: 0
User colored: 8627665, x: 370, y: 36, layer: 0
User colored: 8627665, x: 367, y: 28, layer: 0
User colored: 8627665, x: 363, y: 22, layer: 0
User colored: 8627665, x: 361, y: 19, layer: 0
User colored: 8627665, x: 359, y: 16, layer: 0
User colored: 8627665, x: 357, y: 14, layer: 0
User colored: 8627665, x: 354, y: 11, layer: 0
User colored: 8627665, x: 350, y: 9, layer: 0
User colored: 8627665, x: 344, y: 7, layer: 0
User colored: 8627665, x: 340, y: 6, layer: 0
User colored: 8627665, x: 335, y: 5, layer: 0
User colored: 8627665, x: 331, y: 4, layer: 0
User colored: 8627665, x: 329, y: 3, layer: 0
User colored: 8627665, x: 327, y: 3, layer: 0
User colored: 8627665, x: 326, y: 3, layer: 0
User colored: 8627665, x: 324, y: 3, layer: 0
User colored: 8627665, x: 323, y: 3, layer: 0
User colored: 8627665, x: 322, y: 3, layer: 0
User colored: 8627665, x: 321, y: 3, layer: 0
User colored: 8627665, x: 319, y: 3, layer: 0
User colored: 8627665, x: 317, y: 3, layer: 0
User colored: 8627665, x: 313, y: 4, layer: 0
User colored: 8627665, x: 310, y: 6, layer: 0
User colored: 8627665, x: 308, y: 8, layer: 0
User colored: 8627665, x: 306, y: 10, layer: 0
User colored: 8627665, x: 305, y: 11, layer: 0
User colored: 8627665, x: 305, y: 12, layer: 0
User colored: 8627665, x: 303, y: 12, layer: 0
User colored: 8627665, x: 303, y: 13, layer: 0
User colored: 8627665, x: 303, y: 14, layer: 0
User colored: 8627665, x: 303, y: 15, layer: 0
User colored: 8627665, x: 303, y: 18, layer: 0
User colored: 8627665, x: 306, y: 21, layer: 0
User colored: 8627665, x: 310, y: 25, layer: 0
User colored: 8627665, x: 315, y: 28, layer: 0
User colored: 8627665, x: 320, y: 30, layer: 0
User colored: 8627665, x: 326, y: 32, layer: 0
User colored: 8627665, x: 335, y: 33, layer: 0
User colored: 8627665, x: 343, y: 33, layer: 0
User colored: 8627665, x: 353, y: 33, layer: 0
User colored: 8627665, x: 361, y: 33, layer: 0
User colored: 8627665, x: 366, y: 31, layer: 0
User colored: 8627665, x: 371, y: 30, layer: 0
User colored: 8627665, x: 373, y: 30, layer: 0
User colored: 8627665, x: 375, y: 29, layer: 0
User colored: 8627665, x: 377, y: 28, layer: 0
User colored: 8627665, x: 380, y: 27, layer: 0
User colored: 8627665, x: 383, y: 27, layer: 0
User colored: 8627665, x: 385, y: 27, layer: 0
User colored: 8627665, x: 387, y: 27, layer: 0
User colored: 8627665, x: 388, y: 27, layer: 0
User colored: 8627665, x: 389, y: 27, layer: 0
User colored: 8627665, x: 390, y: 27, layer: 0
User colored: 8627665, x: 392, y: 27, layer: 0
User colored: 8627665, x: 395, y: 27, layer: 0
User colored: 8627665, x: 398, y: 28, layer: 0
User colored: 8627665, x: 400, y: 29, layer: 0
User colored: 8627665, x: 401, y: 29, layer: 0
User colored: 8627665, x: 115, y: 12, layer: 10
User colored: 8627665, x: 115, y: 10, layer: 10
User colored: 8627665, x: 115, y: 8, layer: 10
User colored: 8627665, x: 115, y: 6, layer: 10
User colored: 8627665, x: 115, y: 5, layer: 10
User colored: 8627665, x: 114, y: 5, layer: 10
User colored: 8627665, x: 112, y: 5, layer: 10
User colored: 8627665, x: 107, y: 5, layer: 10
User colored: 8627665, x: 101, y: 5, layer: 10
User colored: 8627665, x: 92, y: 7, layer: 10
User colored: 8627665, x: 84, y: 12, layer: 10
User colored: 8627665, x: 77, y: 16, layer: 10
User colored: 8627665, x: 71, y: 22, layer: 10
User colored: 8627665, x: 64, y: 29, layer: 10
User colored: 8627665, x: 58, y: 35, layer: 10
User colored: 8627665, x: 54, y: 40, layer: 10
User colored: 8627665, x: 51, y: 44, layer: 10
User colored: 8627665, x: 48, y: 47, layer: 10
User colored: 8627665, x: 46, y: 49, layer: 10
User colored: 8627665, x: 45, y: 52, layer: 10
User colored: 8627665, x: 43, y: 55, layer: 10
User colored: 8627665, x: 41, y: 58, layer: 10
User colored: 8627665, x: 39, y: 63, layer: 10
User colored: 8627665, x: 38, y: 66, layer: 10
User colored: 8627665, x: 37, y: 71, layer: 10
User colored: 8627665, x: 36, y: 77, layer: 10
User colored: 8627665, x: 36, y: 81, layer: 10
User colored: 8627665, x: 36, y: 87, layer: 10
User colored: 8627665, x: 36, y: 90, layer: 10
User colored: 8627665, x: 36, y: 92, layer: 10
User colored: 8627665, x: 36, y: 93, layer: 10
User colored: 8627665, x: 33, y: 91, layer: 10
User colored: 8627665, x: 33, y: 89, layer: 10
User colored: 8627665, x: 35, y: 85, layer: 10
User colored: 8627665, x: 37, y: 80, layer: 10
User colored: 8627665, x: 40, y: 75, layer: 10
User colored: 8627665, x: 44, y: 69, layer: 10
User colored: 8627665, x: 47, y: 62, layer: 10
User colored: 8627665, x: 50, y: 58, layer: 10
User colored: 8627665, x: 54, y: 53, layer: 10
User colored: 8627665, x: 58, y: 50, layer: 10
User colored: 8627665, x: 59, y: 49, layer: 10
User colored: 8627665, x: 62, y: 47, layer: 10
User colored: 8627665, x: 64, y: 46, layer: 10
User colored: 8627665, x: 65, y: 45, layer: 10
User colored: 8627665, x: 69, y: 44, layer: 10
User colored: 8627665, x: 72, y: 43, layer: 10
User colored: 8627665, x: 76, y: 41, layer: 10
User colored: 8627665, x: 80, y: 40, layer: 10
User colored: 8627665, x: 84, y: 39, layer: 10
User colored: 8627665, x: 89, y: 38, layer: 10
User colored: 8627665, x: 95, y: 37, layer: 10
User colored: 8627665, x: 102, y: 36, layer: 10
User colored: 8627665, x: 109, y: 35, layer: 10
User colored: 8627665, x: 116, y: 35, layer: 10
User colored: 8627665, x: 122, y: 35, layer: 10
User colored: 8627665, x: 128, y: 35, layer: 10
User colored: 8627665, x: 134, y: 35, layer: 10
User colored: 8627665, x: 141, y: 37, layer: 10
User colored: 8627665, x: 148, y: 39, layer: 10
User colored: 8627665, x: 156, y: 43, layer: 10
User colored: 8627665, x: 161, y: 45, layer: 10
User colored: 8627665, x: 164, y: 46, layer: 10
User colored: 8627665, x: 165, y: 46, layer: 10
User colored: 8627665, x: 165, y: 47, layer: 10
User colored: 8627665, x: 165, y: 46, layer: 10
User colored: 8627665, x: 165, y: 43, layer: 10
User colored: 8627665, x: 164, y: 39, layer: 10
User colored: 8627665, x: 160, y: 33, layer: 10
User colored: 8627665, x: 156, y: 28, layer: 10
User colored: 8627665, x: 150, y: 24, layer: 10
User colored: 8627665, x: 144, y: 20, layer: 10
User colored: 8627665, x: 134, y: 17, layer: 10
User colored: 8627665, x: 123, y: 15, layer: 10
User colored: 8627665, x: 113, y: 14, layer: 10
User colored: 8627665, x: 103, y: 12, layer: 10
User colored: 8627665, x: 94, y: 12, layer: 10
User colored: 8627665, x: 82, y: 12, layer: 10
User colored: 8627665, x: 69, y: 19, layer: 10
User colored: 8627665, x: 56, y: 29, layer: 10
User colored: 8627665, x: 47, y: 37, layer: 10
User colored: 8627665, x: 40, y: 45, layer: 10
User colored: 8627665, x: 35, y: 53, layer: 10
User colored: 8627665, x: 34, y: 60, layer: 10
User colored: 8627665, x: 34, y: 70, layer: 10
User colored: 8627665, x: 34, y: 81, layer: 10
User colored: 8627665, x: 38, y: 92, layer: 10
User colored: 8627665, x: 44, y: 101, layer: 10
User colored: 8627665, x: 56, y: 110, layer: 10
User colored: 8627665, x: 70, y: 114, layer: 10
User colored: 8627665, x: 81, y: 116, layer: 10
User colored: 8627665, x: 90, y: 117, layer: 10
User colored: 8627665, x: 98, y: 117, layer: 10
User colored: 8627665, x: 107, y: 112, layer: 10
User colored: 8627665, x: 113, y: 105, layer: 10
User colored: 8627665, x: 119, y: 91, layer: 10
User colored: 8627665, x: 121, y: 77, layer: 10
User colored: 8627665, x: 122, y: 63, layer: 10
User colored: 8627665, x: 122, y: 55, layer: 10
User colored: 8627665, x: 119, y: 49, layer: 10
User colored: 8627665, x: 117, y: 46, layer: 10
User colored: 8627665, x: 113, y: 44, layer: 10
User colored: 8627665, x: 107, y: 43, layer: 10
User colored: 8627665, x: 102, y: 43, layer: 10
User colored: 8627665, x: 94, y: 43, layer: 10
User colored: 8627665, x: 82, y: 48, layer: 10
User colored: 8627665, x: 74, y: 54, layer: 10
User colored: 8627665, x: 67, y: 59, layer: 10
User colored: 8627665, x: 62, y: 66, layer: 10
User colored: 8627665, x: 59, y: 77, layer: 10
User colored: 8627665, x: 59, y: 87, layer: 10
User colored: 8627665, x: 63, y: 103, layer: 10
User colored: 8627665, x: 71, y: 116, layer: 10
User colored: 8627665, x: 84, y: 129, layer: 10
User colored: 8627665, x: 95, y: 135, layer: 10
User colored: 8627665, x: 106, y: 138, layer: 10
User colored: 8627665, x: 118, y: 139, layer: 10
User colored: 8627665, x: 125, y: 137, layer: 10
User colored: 8627665, x: 131, y: 130, layer: 10
User colored: 8627665, x: 134, y: 114, layer: 10
User colored: 8627665, x: 135, y: 95, layer: 10
User colored: 8627665, x: 135, y: 83, layer: 10
User colored: 8627665, x: 135, y: 69, layer: 10
User colored: 8627665, x: 132, y: 57, layer: 10
User colored: 8627665, x: 128, y: 49, layer: 10
User colored: 8627665, x: 124, y: 42, layer: 10
User colored: 8627665, x: 119, y: 37, layer: 10
User colored: 8627665, x: 113, y: 34, layer: 10
User colored: 8627665, x: 107, y: 32, layer: 10
User colored: 8627665, x: 100, y: 32, layer: 10
User colored: 8627665, x: 90, y: 32, layer: 10
User colored: 8627665, x: 85, y: 36, layer: 10
User colored: 8627665, x: 81, y: 43, layer: 10
User colored: 8627665, x: 80, y: 51, layer: 10
User colored: 8627665, x: 80, y: 62, layer: 10
User colored: 8627665, x: 82, y: 74, layer: 10
User colored: 8627665, x: 92, y: 86, layer: 10
User colored: 8627665, x: 105, y: 96, layer: 10
User colored: 8627665, x: 115, y: 100, layer: 10
User colored: 8627665, x: 126, y: 103, layer: 10
User colored: 8627665, x: 135, y: 103, layer: 10
User colored: 8627665, x: 142, y: 103, layer: 10
User colored: 8627665, x: 147, y: 101, layer: 10
User colored: 8627665, x: 150, y: 95, layer: 10
User colored: 8627665, x: 152, y: 88, layer: 10
User colored: 8627665, x: 152, y: 79, layer: 10
User colored: 8627665, x: 152, y: 74, layer: 10
User colored: 8627665, x: 148, y: 67, layer: 10
User colored: 8627665, x: 146, y: 65, layer: 10
User colored: 8627665, x: 139, y: 61, layer: 10
User colored: 8627665, x: 197, y: 46, layer: 10
User colored: 8627665, x: 195, y: 46, layer: 10
User colored: 8627665, x: 190, y: 44, layer: 10
User colored: 8627665, x: 185, y: 42, layer: 10
User colored: 8627665, x: 180, y: 42, layer: 10
User colored: 8627665, x: 175, y: 42, layer: 10
User colored: 8627665, x: 170, y: 42, layer: 10
User colored: 8627665, x: 166, y: 44, layer: 10
User colored: 8627665, x: 163, y: 45, layer: 10
User colored: 8627665, x: 161, y: 47, layer: 10
User colored: 8627665, x: 159, y: 49, layer: 10
User colored: 8627665, x: 158, y: 50, layer: 10
User colored: 8627665, x: 158, y: 51, layer: 10
User colored: 8627665, x: 158, y: 54, layer: 10
User colored: 8627665, x: 158, y: 61, layer: 10
User colored: 8627665, x: 160, y: 73, layer: 10
User colored: 8627665, x: 163, y: 83, layer: 10
User colored: 8627665, x: 167, y: 89, layer: 10
User colored: 8627665, x: 172, y: 94, layer: 10
User colored: 8627665, x: 177, y: 97, layer: 10
User colored: 8627665, x: 184, y: 98, layer: 10
User colored: 8627665, x: 191, y: 99, layer: 10
User colored: 8627665, x: 198, y: 99, layer: 10
User colored: 8627665, x: 211, y: 97, layer: 10
User colored: 8627665, x: 219, y: 92, layer: 10
User colored: 8627665, x: 228, y: 85, layer: 10
User colored: 8627665, x: 235, y: 77, layer: 10
User colored: 8627665, x: 238, y: 72, layer: 10
User colored: 8627665, x: 241, y: 68, layer: 10
User colored: 8627665, x: 242, y: 64, layer: 10
User colored: 8627665, x: 243, y: 59, layer: 10
User colored: 8627665, x: 243, y: 56, layer: 10
User colored: 8627665, x: 243, y: 50, layer: 10
User colored: 8627665, x: 242, y: 44, layer: 10
User colored: 8627665, x: 239, y: 37, layer: 10
User colored: 8627665, x: 237, y: 31, layer: 10
User colored: 8627665, x: 235, y: 28, layer: 10
User colored: 8627665, x: 233, y: 26, layer: 10
User colored: 8627665, x: 231, y: 24, layer: 10
User colored: 8627665, x: 229, y: 23, layer: 10
User colored: 8627665, x: 227, y: 23, layer: 10
User colored: 8627665, x: 226, y: 22, layer: 10
User colored: 8627665, x: 224, y: 22, layer: 10
User colored: 8627665, x: 221, y: 22, layer: 10
User colored: 8627665, x: 219, y: 22, layer: 10
User colored: 8627665, x: 216, y: 22, layer: 10
User colored: 8627665, x: 214, y: 22, layer: 10
User colored: 8627665, x: 212, y: 22, layer: 10
User colored: 8627665, x: 210, y: 24, layer: 10
User colored: 8627665, x: 208, y: 28, layer: 10
User colored: 8627665, x: 206, y: 33, layer: 10
User colored: 8627665, x: 205, y: 38, layer: 10
User colored: 8627665, x: 204, y: 43, layer: 10
User colored: 8627665, x: 203, y: 48, layer: 10
User colored: 8627665, x: 203, y: 51, layer: 10
User colored: 8627665, x: 203, y: 53, layer: 10
User colored: 8627665, x: 206, y: 54, layer: 10
User colored: 8627665, x: 213, y: 52, layer: 10
User colored: 8627665, x: 226, y: 42, layer: 10
User colored: 8627665, x: 235, y: 33, layer: 10
User colored: 8627665, x: 243, y: 24, layer: 10
User colored: 8627665, x: 246, y: 20, layer: 10
User colored: 8627665, x: 250, y: 16, layer: 10
User colored: 8627665, x: 254, y: 13, layer: 10
User colored: 8627665, x: 256, y: 12, layer: 10
User colored: 8627665, x: 261, y: 12, layer: 10
User colored: 8627665, x: 264, y: 12, layer: 10
User colored: 8627665, x: 269, y: 12, layer: 10
User colored: 8627665, x: 274, y: 16, layer: 10
User colored: 8627665, x: 280, y: 20, layer: 10
User colored: 8627665, x: 286, y: 23, layer: 10
User colored: 8627665, x: 292, y: 26, layer: 10
User colored: 8627665, x: 298, y: 29, layer: 10
User colored: 8627665, x: 303, y: 32, layer: 10
User colored: 8627665, x: 309, y: 35, layer: 10
User colored: 8627665, x: 313, y: 38, layer: 10
User colored: 8627665, x: 317, y: 40, layer: 10
User colored: 8627665, x: 321, y: 42, layer: 10
User colored: 8627665, x: 326, y: 44, layer: 10
User colored: 8627665, x: 328, y: 45, layer: 10
User colored: 8627665, x: 330, y: 47, layer: 10
User colored: 8627665, x: 333, y: 49, layer: 10
User colored: 8627665, x: 335, y: 50, layer: 10
User colored: 8627665, x: 336, y: 51, layer: 10
User colored: 8627665, x: 338, y: 51, layer: 10
User colored: 8627665, x: 343, y: 51, layer: 10
User colored: 8627665, x: 349, y: 50, layer: 10
User colored: 8627665, x: 355, y: 49, layer: 10
User colored: 8627665, x: 360, y: 48, layer: 10
User colored: 8627665, x: 364, y: 47, layer: 10
User colored: 8627665, x: 367, y: 47, layer: 10
User colored: 8627665, x: 371, y: 47, layer: 10
User colored: 8627665, x: 375, y: 47, layer: 10
User colored: 8627665, x: 380, y: 47, layer: 10
User colored: 8627665, x: 384, y: 49, layer: 10
User colored: 8627665, x: 388, y: 50, layer: 10
User colored: 8627665, x: 390, y: 51, layer: 10
User colored: 8627665, x: 390, y: 53, layer: 10
User colored: 8627665, x: 390, y: 54, layer: 10
User colored: 8627665, x: 383, y: 299, layer: 10
User colored: 8627665, x: 381, y: 299, layer: 10
User colored: 8627665, x: 377, y: 299, layer: 10
User colored: 8627665, x: 371, y: 298, layer: 10
User colored: 8627665, x: 364, y: 296, layer: 10
User colored: 8627665, x: 356, y: 294, layer: 10
User colored: 8627665, x: 348, y: 293, layer: 10
User colored: 8627665, x: 340, y: 292, layer: 10
User colored: 8627665, x: 332, y: 291, layer: 10
User colored: 8627665, x: 326, y: 291, layer: 10
User colored: 8627665, x: 322, y: 291, layer: 10
User colored: 8627665, x: 315, y: 290, layer: 10
User colored: 8627665, x: 310, y: 290, layer: 10
User colored: 8627665, x: 307, y: 290, layer: 10
User colored: 8627665, x: 303, y: 289, layer: 10
User colored: 8627665, x: 301, y: 289, layer: 10
User colored: 8627665, x: 298, y: 289, layer: 10
User colored: 8627665, x: 296, y: 289, layer: 10
User colored: 8627665, x: 294, y: 289, layer: 10
User colored: 8627665, x: 293, y: 289, layer: 10
User colored: 8627665, x: 296, y: 290, layer: 10
User colored: 8627665, x: 308, y: 300, layer: 10
User colored: 8627665, x: 321, y: 310, layer: 10
User colored: 8627665, x: 343, y: 321, layer: 10
User colored: 8627665, x: 9, y: 41, layer: 10
User colored: 8627665, x: 10, y: 41, layer: 10
User colored: 8627665, x: 13, y: 41, layer: 10
User colored: 8627665, x: 17, y: 41, layer: 10
User colored: 8627665, x: 23, y: 41, layer: 10
User colored: 8627665, x: 30, y: 41, layer: 10
User colored: 8627665, x: 36, y: 41, layer: 10
User colored: 8627665, x: 43, y: 42, layer: 10
User colored: 8627665, x: 47, y: 42, layer: 10
User colored: 8627665, x: 49, y: 43, layer: 10
User colored: 8627665, x: 50, y: 43, layer: 10
User colored: 8627665, x: 51, y: 43, layer: 10
User colored: 8627665, x: 52, y: 42, layer: 10
User colored: 8627665, x: 53, y: 39, layer: 10
User colored: 8627665, x: 55, y: 33, layer: 10
User colored: 8627665, x: 55, y: 26, layer: 10
User colored: 8627665, x: 56, y: 22, layer: 10
User colored: 8627665, x: 56, y: 17, layer: 10
User colored: 8627665, x: 56, y: 15, layer: 10
User colored: 8627665, x: 56, y: 14, layer: 10
User colored: 8627665, x: 55, y: 14, layer: 10
User colored: 8627665, x: 53, y: 15, layer: 10
User colored: 8627665, x: 49, y: 19, layer: 10
User colored: 8627665, x: 46, y: 26, layer: 10
User colored: 8627665, x: 42, y: 38, layer: 10
User colored: 8627665, x: 40, y: 49, layer: 10
User colored: 8627665, x: 39, y: 62, layer: 10
User colored: 8627665, x: 39, y: 79, layer: 10
User colored: 8627665, x: 43, y: 97, layer: 10
User colored: 8627665, x: 55, y: 117, layer: 10
User colored: 8627665, x: 65, y: 127, layer: 10
User colored: 8627665, x: 73, y: 132, layer: 10
User went offline: 8627665 (undefined)
User came online: 8627665 (undefined)
User colored: 8627665, x: 198, y: 32, layer: 10
User colored: 8627665, x: 196, y: 32, layer: 10
User colored: 8627665, x: 192, y: 32, layer: 10
User colored: 8627665, x: 189, y: 32, layer: 10
User colored: 8627665, x: 186, y: 32, layer: 10
User colored: 8627665, x: 184, y: 32, layer: 10
User colored: 8627665, x: 181, y: 32, layer: 10
User colored: 8627665, x: 176, y: 32, layer: 10
User colored: 8627665, x: 174, y: 32, layer: 10
User colored: 8627665, x: 170, y: 32, layer: 10
User colored: 8627665, x: 167, y: 32, layer: 10
User colored: 8627665, x: 164, y: 32, layer: 10
User colored: 8627665, x: 161, y: 32, layer: 10
User colored: 8627665, x: 159, y: 32, layer: 10
User colored: 8627665, x: 156, y: 32, layer: 10
User colored: 8627665, x: 153, y: 32, layer: 10
User colored: 8627665, x: 151, y: 32, layer: 10
User colored: 8627665, x: 148, y: 32, layer: 10
User colored: 8627665, x: 146, y: 32, layer: 10
User colored: 8627665, x: 143, y: 32, layer: 10
User colored: 8627665, x: 141, y: 32, layer: 10
User colored: 8627665, x: 136, y: 32, layer: 10
User colored: 8627665, x: 131, y: 32, layer: 10
User colored: 8627665, x: 127, y: 32, layer: 10
User colored: 8627665, x: 121, y: 32, layer: 10
User colored: 8627665, x: 117, y: 33, layer: 10
User colored: 8627665, x: 112, y: 33, layer: 10
User colored: 8627665, x: 108, y: 35, layer: 10
User colored: 8627665, x: 106, y: 35, layer: 10
User colored: 8627665, x: 100, y: 36, layer: 10
User colored: 8627665, x: 97, y: 37, layer: 10
User colored: 8627665, x: 94, y: 38, layer: 10
User colored: 8627665, x: 90, y: 40, layer: 10
User colored: 8627665, x: 87, y: 42, layer: 10
User colored: 8627665, x: 83, y: 44, layer: 10
User colored: 8627665, x: 78, y: 47, layer: 10
User colored: 8627665, x: 75, y: 49, layer: 10
User colored: 8627665, x: 72, y: 50, layer: 10
User colored: 8627665, x: 71, y: 50, layer: 10
User colored: 8627665, x: 70, y: 51, layer: 10
User colored: 8627665, x: 70, y: 53, layer: 10
User colored: 8627665, x: 68, y: 54, layer: 10
User colored: 8627665, x: 65, y: 56, layer: 10
User colored: 8627665, x: 61, y: 60, layer: 10
User colored: 8627665, x: 59, y: 62, layer: 10
User colored: 8627665, x: 56, y: 66, layer: 10
User colored: 8627665, x: 53, y: 71, layer: 10
User colored: 8627665, x: 50, y: 75, layer: 10
User colored: 8627665, x: 48, y: 79, layer: 10
User colored: 8627665, x: 47, y: 82, layer: 10
User colored: 8627665, x: 45, y: 85, layer: 10
User colored: 8627665, x: 43, y: 88, layer: 10
User colored: 8627665, x: 43, y: 89, layer: 10
User colored: 8627665, x: 47, y: 66, layer: 10
User colored: 8627665, x: 50, y: 54, layer: 10
User colored: 8627665, x: 52, y: 48, layer: 10
User colored: 8627665, x: 54, y: 42, layer: 10
User colored: 8627665, x: 56, y: 39, layer: 10
User colored: 8627665, x: 56, y: 38, layer: 10
User colored: 8627665, x: 57, y: 38, layer: 10
User colored: 8627665, x: 57, y: 37, layer: 10
User colored: 8627665, x: 60, y: 36, layer: 10
User colored: 8627665, x: 64, y: 35, layer: 10
User colored: 8627665, x: 70, y: 33, layer: 10
User colored: 8627665, x: 75, y: 31, layer: 10
User colored: 8627665, x: 80, y: 29, layer: 10
User colored: 8627665, x: 83, y: 29, layer: 10
User colored: 8627665, x: 85, y: 28, layer: 10
User colored: 8627665, x: 87, y: 28, layer: 10
User colored: 8627665, x: 89, y: 28, layer: 10
User colored: 8627665, x: 89, y: 27, layer: 10
User colored: 8627665, x: 88, y: 27, layer: 10
User colored: 8627665, x: 85, y: 27, layer: 10
User colored: 8627665, x: 77, y: 29, layer: 10
User colored: 8627665, x: 66, y: 34, layer: 10
User colored: 8627665, x: 54, y: 41, layer: 10
User colored: 8627665, x: 44, y: 48, layer: 10
User colored: 8627665, x: 34, y: 55, layer: 10
User colored: 8627665, x: 28, y: 61, layer: 10
User colored: 8627665, x: 23, y: 67, layer: 10
User colored: 8627665, x: 21, y: 73, layer: 10
User colored: 8627665, x: 20, y: 80, layer: 10
User colored: 8627665, x: 20, y: 85, layer: 10
User colored: 8627665, x: 20, y: 91, layer: 10
User colored: 8627665, x: 20, y: 95, layer: 10
User colored: 8627665, x: 20, y: 99, layer: 10
User colored: 8627665, x: 22, y: 102, layer: 10
User colored: 8627665, x: 22, y: 103, layer: 10
User colored: 8627665, x: 23, y: 103, layer: 10
User colored: 8627665, x: 25, y: 103, layer: 10
User colored: 8627665, x: 31, y: 97, layer: 10
User colored: 8627665, x: 41, y: 83, layer: 10
User colored: 8627665, x: 66, y: 46, layer: 10
User colored: 8627665, x: 84, y: 20, layer: 10
User went offline: 8627665 (undefined)
User came online: 8627665 (undefined)
User colored: 8627665, x: 143, y: 51, layer: 0
User colored: 8627665, x: 148, y: 51, layer: 0
User colored: 8627665, x: 153, y: 52, layer: 0
User colored: 8627665, x: 159, y: 53, layer: 0
User colored: 8627665, x: 164, y: 55, layer: 0
User colored: 8627665, x: 169, y: 55, layer: 0
User colored: 8627665, x: 173, y: 56, layer: 0
User colored: 8627665, x: 177, y: 57, layer: 0
User colored: 8627665, x: 182, y: 57, layer: 0
User colored: 8627665, x: 188, y: 57, layer: 0
User colored: 8627665, x: 195, y: 57, layer: 0
User colored: 8627665, x: 204, y: 56, layer: 0
User colored: 8627665, x: 213, y: 52, layer: 0
User colored: 8627665, x: 221, y: 48, layer: 0
User colored: 8627665, x: 226, y: 45, layer: 0
User colored: 8627665, x: 231, y: 43, layer: 0
User colored: 8627665, x: 234, y: 41, layer: 0
User colored: 8627665, x: 238, y: 40, layer: 0
User colored: 8627665, x: 240, y: 40, layer: 0
User colored: 8627665, x: 241, y: 40, layer: 0
User colored: 8627665, x: 242, y: 40, layer: 0
User colored: 8627665, x: 241, y: 40, layer: 0
User colored: 8627665, x: 234, y: 40, layer: 0
User colored: 8627665, x: 226, y: 38, layer: 0
User colored: 8627665, x: 213, y: 36, layer: 0
User colored: 8627665, x: 199, y: 34, layer: 0
User colored: 8627665, x: 185, y: 33, layer: 0
User colored: 8627665, x: 172, y: 32, layer: 0
User colored: 8627665, x: 166, y: 32, layer: 0
User colored: 8627665, x: 161, y: 32, layer: 0
User colored: 8627665, x: 159, y: 32, layer: 0
User colored: 8627665, x: 157, y: 32, layer: 0
User colored: 8627665, x: 153, y: 32, layer: 0
User colored: 8627665, x: 146, y: 33, layer: 0
User colored: 8627665, x: 137, y: 36, layer: 0
User colored: 8627665, x: 131, y: 38, layer: 0
User colored: 8627665, x: 125, y: 40, layer: 0
User colored: 8627665, x: 122, y: 41, layer: 0
User colored: 8627665, x: 119, y: 41, layer: 0
User colored: 8627665, x: 118, y: 41, layer: 0
User colored: 8627665, x: 115, y: 41, layer: 0
User colored: 8627665, x: 113, y: 41, layer: 0
User colored: 8627665, x: 111, y: 41, layer: 0
User colored: 8627665, x: 110, y: 42, layer: 0
User colored: 8627665, x: 109, y: 42, layer: 0
User colored: 8627665, x: 108, y: 42, layer: 0
User colored: 8627665, x: 105, y: 43, layer: 0
User colored: 8627665, x: 101, y: 44, layer: 0
User colored: 8627665, x: 97, y: 46, layer: 0
User colored: 8627665, x: 93, y: 48, layer: 0
User colored: 8627665, x: 89, y: 49, layer: 0
User colored: 8627665, x: 86, y: 50, layer: 0
User colored: 8627665, x: 82, y: 52, layer: 0
User colored: 8627665, x: 79, y: 54, layer: 0
User colored: 8627665, x: 74, y: 56, layer: 0
User colored: 8627665, x: 71, y: 57, layer: 0
User colored: 8627665, x: 67, y: 59, layer: 0
User colored: 8627665, x: 64, y: 60, layer: 0
User colored: 8627665, x: 62, y: 61, layer: 0
User colored: 8627665, x: 61, y: 62, layer: 0
User colored: 8627665, x: 59, y: 65, layer: 0
User colored: 8627665, x: 57, y: 67, layer: 0
User colored: 8627665, x: 55, y: 70, layer: 0
User colored: 8627665, x: 53, y: 73, layer: 0
User colored: 8627665, x: 52, y: 75, layer: 0
User colored: 8627665, x: 52, y: 77, layer: 0
User colored: 8627665, x: 51, y: 80, layer: 0
User colored: 8627665, x: 50, y: 84, layer: 0
User colored: 8627665, x: 49, y: 88, layer: 0
User colored: 8627665, x: 48, y: 90, layer: 0
User colored: 8627665, x: 48, y: 91, layer: 0
User colored: 8627665, x: 47, y: 91, layer: 0
User colored: 8627665, x: 47, y: 93, layer: 0
User colored: 8627665, x: 47, y: 94, layer: 0
User colored: 8627665, x: 47, y: 95, layer: 0
User colored: 8627665, x: 47, y: 96, layer: 0
User colored: 8627665, x: 46, y: 97, layer: 0
User colored: 8627665, x: 46, y: 99, layer: 0
User colored: 8627665, x: 44, y: 100, layer: 0
User colored: 8627665, x: 43, y: 102, layer: 0
User colored: 8627665, x: 42, y: 105, layer: 0
User colored: 8627665, x: 41, y: 107, layer: 0
User colored: 8627665, x: 40, y: 108, layer: 0
User colored: 8627665, x: 40, y: 110, layer: 0
User colored: 8627665, x: 40, y: 112, layer: 0
User colored: 8627665, x: 39, y: 114, layer: 0
User colored: 8627665, x: 38, y: 117, layer: 0
User colored: 8627665, x: 38, y: 119, layer: 0
User colored: 8627665, x: 37, y: 120, layer: 0
User colored: 8627665, x: 37, y: 122, layer: 0
User colored: 8627665, x: 37, y: 123, layer: 0
User colored: 8627665, x: 37, y: 125, layer: 0
User colored: 8627665, x: 37, y: 126, layer: 0
User colored: 8627665, x: 37, y: 128, layer: 0
User colored: 8627665, x: 37, y: 130, layer: 0
User colored: 8627665, x: 37, y: 132, layer: 0
User colored: 8627665, x: 37, y: 133, layer: 0
User colored: 8627665, x: 37, y: 136, layer: 0
User colored: 8627665, x: 37, y: 139, layer: 0
User colored: 8627665, x: 37, y: 142, layer: 0
User colored: 8627665, x: 37, y: 146, layer: 0
User colored: 8627665, x: 37, y: 149, layer: 0
User colored: 8627665, x: 37, y: 153, layer: 0
User colored: 8627665, x: 37, y: 157, layer: 0
User colored: 8627665, x: 38, y: 163, layer: 0
User colored: 8627665, x: 38, y: 168, layer: 0
User colored: 8627665, x: 39, y: 173, layer: 0
User colored: 8627665, x: 41, y: 178, layer: 0
User colored: 8627665, x: 43, y: 183, layer: 0
User colored: 8627665, x: 47, y: 190, layer: 0
User colored: 8627665, x: 50, y: 196, layer: 0
User colored: 8627665, x: 54, y: 203, layer: 0
User colored: 8627665, x: 58, y: 210, layer: 0
User colored: 8627665, x: 62, y: 216, layer: 0
User colored: 8627665, x: 66, y: 221, layer: 0
User colored: 8627665, x: 67, y: 225, layer: 0
User colored: 8627665, x: 70, y: 229, layer: 0
User colored: 8627665, x: 73, y: 235, layer: 0
User colored: 8627665, x: 76, y: 239, layer: 0
User colored: 8627665, x: 80, y: 244, layer: 0
User colored: 8627665, x: 85, y: 249, layer: 0
User colored: 8627665, x: 90, y: 253, layer: 0
User colored: 8627665, x: 94, y: 256, layer: 0
User colored: 8627665, x: 98, y: 260, layer: 0
User colored: 8627665, x: 102, y: 265, layer: 0
User colored: 8627665, x: 107, y: 269, layer: 0
User colored: 8627665, x: 113, y: 271, layer: 0
User colored: 8627665, x: 118, y: 273, layer: 0
User colored: 8627665, x: 123, y: 273, layer: 0
User colored: 8627665, x: 125, y: 273, layer: 0
User colored: 8627665, x: 128, y: 273, layer: 0
User colored: 8627665, x: 132, y: 273, layer: 0
User colored: 8627665, x: 222, y: 253, layer: 0
User colored: 8627665, x: 220, y: 255, layer: 0
User colored: 8627665, x: 218, y: 259, layer: 0
User colored: 8627665, x: 214, y: 264, layer: 0
User colored: 8627665, x: 212, y: 267, layer: 0
User colored: 8627665, x: 210, y: 270, layer: 0
User colored: 8627665, x: 208, y: 272, layer: 0
User colored: 8627665, x: 207, y: 274, layer: 0
User colored: 8627665, x: 207, y: 276, layer: 0
User colored: 8627665, x: 207, y: 277, layer: 0
User colored: 8627665, x: 207, y: 279, layer: 0
User colored: 8627665, x: 207, y: 282, layer: 0
User colored: 8627665, x: 207, y: 285, layer: 0
User colored: 8627665, x: 207, y: 288, layer: 0
User colored: 8627665, x: 207, y: 290, layer: 0
User colored: 8627665, x: 208, y: 293, layer: 0
User colored: 8627665, x: 209, y: 295, layer: 0
User colored: 8627665, x: 211, y: 297, layer: 0
User colored: 8627665, x: 214, y: 299, layer: 0
User colored: 8627665, x: 217, y: 301, layer: 0
User colored: 8627665, x: 222, y: 305, layer: 0
User colored: 8627665, x: 225, y: 306, layer: 0
User colored: 8627665, x: 230, y: 308, layer: 0
User colored: 8627665, x: 234, y: 310, layer: 0
User colored: 8627665, x: 237, y: 311, layer: 0
User colored: 8627665, x: 239, y: 311, layer: 0
User colored: 8627665, x: 240, y: 311, layer: 0
User colored: 8627665, x: 241, y: 311, layer: 0
User colored: 8627665, x: 242, y: 311, layer: 0
User colored: 8627665, x: 244, y: 311, layer: 0
User colored: 8627665, x: 246, y: 311, layer: 0
User colored: 8627665, x: 248, y: 311, layer: 0
User colored: 8627665, x: 251, y: 310, layer: 0
User colored: 8627665, x: 253, y: 309, layer: 0
User colored: 8627665, x: 255, y: 308, layer: 0
User colored: 8627665, x: 256, y: 307, layer: 0
User colored: 8627665, x: 257, y: 306, layer: 0
User colored: 8627665, x: 258, y: 306, layer: 0
User colored: 8627665, x: 258, y: 305, layer: 0
User colored: 8627665, x: 259, y: 304, layer: 0
User colored: 8627665, x: 260, y: 304, layer: 0
User colored: 8627665, x: 261, y: 304, layer: 0
User colored: 8627665, x: 264, y: 304, layer: 0
User colored: 8627665, x: 269, y: 304, layer: 0
User colored: 8627665, x: 276, y: 304, layer: 0
User colored: 8627665, x: 280, y: 304, layer: 0
User colored: 8627665, x: 284, y: 307, layer: 0
User colored: 8627665, x: 285, y: 308, layer: 0
User colored: 8627665, x: 52, y: 121, layer: 05
User colored: 8627665, x: 52, y: 123, layer: 05
User colored: 8627665, x: 52, y: 125, layer: 05
User colored: 8627665, x: 51, y: 128, layer: 05
User colored: 8627665, x: 49, y: 133, layer: 05
User colored: 8627665, x: 47, y: 139, layer: 05
User colored: 8627665, x: 45, y: 145, layer: 05
User colored: 8627665, x: 43, y: 151, layer: 05
User colored: 8627665, x: 42, y: 156, layer: 05
User colored: 8627665, x: 41, y: 162, layer: 05
User colored: 8627665, x: 40, y: 167, layer: 05
User colored: 8627665, x: 38, y: 170, layer: 05
User colored: 8627665, x: 38, y: 175, layer: 05
User colored: 8627665, x: 38, y: 179, layer: 05
User colored: 8627665, x: 38, y: 182, layer: 05
User colored: 8627665, x: 38, y: 185, layer: 05
User colored: 8627665, x: 38, y: 188, layer: 05
User colored: 8627665, x: 38, y: 190, layer: 05
User colored: 8627665, x: 38, y: 192, layer: 05
User colored: 8627665, x: 38, y: 194, layer: 05
User colored: 8627665, x: 38, y: 195, layer: 05
User colored: 8627665, x: 38, y: 199, layer: 05
User colored: 8627665, x: 38, y: 200, layer: 05
User colored: 8627665, x: 39, y: 203, layer: 05
User colored: 8627665, x: 40, y: 205, layer: 05
User colored: 8627665, x: 41, y: 208, layer: 05
User colored: 8627665, x: 42, y: 212, layer: 05
User colored: 8627665, x: 43, y: 216, layer: 05
User colored: 8627665, x: 44, y: 220, layer: 05
User colored: 8627665, x: 46, y: 223, layer: 05
User colored: 8627665, x: 47, y: 225, layer: 05
User colored: 8627665, x: 47, y: 227, layer: 05
User colored: 8627665, x: 48, y: 230, layer: 05
User colored: 8627665, x: 49, y: 233, layer: 05
User colored: 8627665, x: 50, y: 236, layer: 05
User colored: 8627665, x: 51, y: 239, layer: 05
User colored: 8627665, x: 51, y: 242, layer: 05
User colored: 8627665, x: 51, y: 246, layer: 05
User colored: 8627665, x: 51, y: 248, layer: 05
User colored: 8627665, x: 51, y: 250, layer: 05
User colored: 8627665, x: 51, y: 253, layer: 05
User colored: 8627665, x: 51, y: 256, layer: 05
User colored: 8627665, x: 52, y: 258, layer: 05
User colored: 8627665, x: 52, y: 261, layer: 05
User colored: 8627665, x: 53, y: 263, layer: 05
User colored: 8627665, x: 55, y: 266, layer: 05
User colored: 8627665, x: 56, y: 269, layer: 05
User colored: 8627665, x: 58, y: 272, layer: 05
User colored: 8627665, x: 60, y: 272, layer: 05
User colored: 8627665, x: 61, y: 274, layer: 05
User colored: 8627665, x: 62, y: 275, layer: 05
User colored: 8627665, x: 63, y: 275, layer: 05
User colored: 8627665, x: 64, y: 275, layer: 05
User colored: 8627665, x: 66, y: 276, layer: 05
User colored: 8627665, x: 67, y: 277, layer: 05
User colored: 8627665, x: 68, y: 278, layer: 05
User colored: 8627665, x: 68, y: 279, layer: 05
User colored: 8627665, x: 68, y: 280, layer: 05
User colored: 8627665, x: 68, y: 282, layer: 05
User colored: 8627665, x: 69, y: 284, layer: 05
User colored: 8627665, x: 69, y: 285, layer: 05
User colored: 8627665, x: 71, y: 285, layer: 05
User colored: 8627665, x: 71, y: 286, layer: 05
User colored: 8627665, x: 72, y: 288, layer: 05
User colored: 8627665, x: 73, y: 290, layer: 05
User colored: 8627665, x: 75, y: 292, layer: 05
User colored: 8627665, x: 77, y: 295, layer: 05
User colored: 8627665, x: 78, y: 296, layer: 05
User colored: 8627665, x: 79, y: 297, layer: 05
User colored: 8627665, x: 81, y: 299, layer: 05
User colored: 8627665, x: 83, y: 300, layer: 05
User colored: 8627665, x: 85, y: 302, layer: 05
User colored: 8627665, x: 88, y: 304, layer: 05
User colored: 8627665, x: 90, y: 305, layer: 05
User colored: 8627665, x: 92, y: 306, layer: 05
User colored: 8627665, x: 94, y: 307, layer: 05
User colored: 8627665, x: 97, y: 308, layer: 05
User colored: 8627665, x: 99, y: 308, layer: 05
User colored: 8627665, x: 101, y: 308, layer: 05
User colored: 8627665, x: 104, y: 309, layer: 05
User colored: 8627665, x: 108, y: 309, layer: 05
User colored: 8627665, x: 110, y: 310, layer: 05
User colored: 8627665, x: 115, y: 310, layer: 05
User colored: 8627665, x: 121, y: 311, layer: 05
User colored: 8627665, x: 127, y: 311, layer: 05
User colored: 8627665, x: 131, y: 312, layer: 05
User colored: 8627665, x: 135, y: 312, layer: 05
User colored: 8627665, x: 137, y: 312, layer: 05
User colored: 8627665, x: 139, y: 312, layer: 05
User colored: 8627665, x: 140, y: 312, layer: 05
User colored: 8627665, x: 141, y: 312, layer: 05
User colored: 8627665, x: 143, y: 310, layer: 05
User colored: 8627665, x: 144, y: 309, layer: 05
User colored: 8627665, x: 147, y: 306, layer: 05
User colored: 8627665, x: 149, y: 304, layer: 05
User colored: 8627665, x: 151, y: 303, layer: 05
User colored: 8627665, x: 152, y: 302, layer: 05
User colored: 8627665, x: 155, y: 301, layer: 05
User colored: 8627665, x: 158, y: 299, layer: 05
User colored: 8627665, x: 161, y: 299, layer: 05
User colored: 8627665, x: 164, y: 298, layer: 05
User colored: 8627665, x: 166, y: 298, layer: 05
User colored: 8627665, x: 168, y: 298, layer: 05
User colored: 8627665, x: 154, y: 305, layer: 05
User colored: 8627665, x: 153, y: 306, layer: 05
User colored: 8627665, x: 151, y: 306, layer: 05
User colored: 8627665, x: 148, y: 306, layer: 05
User colored: 8627665, x: 143, y: 306, layer: 05
User colored: 8627665, x: 137, y: 306, layer: 05
User colored: 8627665, x: 132, y: 306, layer: 05
User colored: 8627665, x: 125, y: 305, layer: 05
User colored: 8627665, x: 120, y: 303, layer: 05
User colored: 8627665, x: 114, y: 301, layer: 05
User colored: 8627665, x: 107, y: 296, layer: 05
User colored: 8627665, x: 98, y: 289, layer: 05
User colored: 8627665, x: 92, y: 283, layer: 05
User colored: 8627665, x: 83, y: 276, layer: 05
User colored: 8627665, x: 78, y: 272, layer: 05
User colored: 8627665, x: 73, y: 266, layer: 05
User colored: 8627665, x: 66, y: 256, layer: 05
User colored: 8627665, x: 60, y: 244, layer: 05
User colored: 8627665, x: 55, y: 229, layer: 05
User colored: 8627665, x: 50, y: 211, layer: 05
User colored: 8627665, x: 48, y: 190, layer: 05
User colored: 8627665, x: 48, y: 177, layer: 05
User colored: 8627665, x: 48, y: 164, layer: 05
User colored: 8627665, x: 49, y: 154, layer: 05
User colored: 8627665, x: 54, y: 142, layer: 05
User colored: 8627665, x: 62, y: 131, layer: 05
User colored: 8627665, x: 78, y: 118, layer: 05
User colored: 8627665, x: 90, y: 109, layer: 05
User colored: 8627665, x: 100, y: 101, layer: 05
User colored: 8627665, x: 105, y: 98, layer: 05
User colored: 8627665, x: 110, y: 95, layer: 05
User colored: 8627665, x: 115, y: 92, layer: 05
User colored: 8627665, x: 120, y: 89, layer: 05
User colored: 8627665, x: 128, y: 86, layer: 05
User colored: 8627665, x: 133, y: 84, layer: 05
User colored: 8627665, x: 138, y: 82, layer: 05
User colored: 8627665, x: 141, y: 81, layer: 05
User colored: 8627665, x: 143, y: 81, layer: 05
User colored: 8627665, x: 145, y: 81, layer: 05
User colored: 8627665, x: 148, y: 81, layer: 05
User colored: 8627665, x: 152, y: 85, layer: 05
User colored: 8627665, x: 159, y: 91, layer: 05
User colored: 8627665, x: 167, y: 99, layer: 05
User colored: 8627665, x: 176, y: 107, layer: 05
User colored: 8627665, x: 185, y: 118, layer: 05
User colored: 8627665, x: 194, y: 128, layer: 05
User colored: 8627665, x: 205, y: 141, layer: 05
User colored: 8627665, x: 210, y: 150, layer: 05
User colored: 8627665, x: 214, y: 158, layer: 05
User colored: 8627665, x: 219, y: 171, layer: 05
User colored: 8627665, x: 219, y: 175, layer: 05
User colored: 8627665, x: 219, y: 179, layer: 05
User colored: 8627665, x: 213, y: 186, layer: 05
User colored: 8627665, x: 207, y: 192, layer: 05
User colored: 8627665, x: 201, y: 198, layer: 05
User colored: 8627665, x: 196, y: 203, layer: 05
User colored: 8627665, x: 191, y: 208, layer: 05
User colored: 8627665, x: 185, y: 215, layer: 05
User colored: 8627665, x: 181, y: 223, layer: 05
User colored: 8627665, x: 178, y: 232, layer: 05
User colored: 8627665, x: 175, y: 243, layer: 05
User colored: 8627665, x: 175, y: 254, layer: 05
User colored: 8627665, x: 175, y: 263, layer: 05
User colored: 8627665, x: 175, y: 271, layer: 05
User colored: 8627665, x: 179, y: 279, layer: 05
User colored: 8627665, x: 186, y: 286, layer: 05
User colored: 8627665, x: 199, y: 295, layer: 05
User colored: 8627665, x: 209, y: 299, layer: 05
User colored: 8627665, x: 221, y: 303, layer: 05
User colored: 8627665, x: 231, y: 305, layer: 05
User colored: 8627665, x: 235, y: 305, layer: 05
User colored: 8627665, x: 239, y: 305, layer: 05
User colored: 8627665, x: 243, y: 305, layer: 05
User colored: 8627665, x: 245, y: 304, layer: 05
User colored: 8627665, x: 247, y: 302, layer: 05
User colored: 8627665, x: 248, y: 301, layer: 05
User colored: 8627665, x: 248, y: 299, layer: 05
User colored: 8627665, x: 244, y: 293, layer: 05
User colored: 8627665, x: 230, y: 279, layer: 05
User colored: 8627665, x: 216, y: 266, layer: 05
User colored: 8627665, x: 210, y: 260, layer: 05
User colored: 8627665, x: 204, y: 256, layer: 05
User colored: 8627665, x: 199, y: 251, layer: 05
User colored: 8627665, x: 195, y: 246, layer: 05
User colored: 8627665, x: 194, y: 242, layer: 05
User colored: 8627665, x: 194, y: 229, layer: 05
User colored: 8627665, x: 194, y: 212, layer: 05
User colored: 8627665, x: 207, y: 179, layer: 05
User colored: 8627665, x: 216, y: 166, layer: 05
User colored: 8627665, x: 232, y: 142, layer: 05
User colored: 8627665, x: 243, y: 130, layer: 05
User colored: 8627665, x: 254, y: 125, layer: 05
User colored: 8627665, x: 264, y: 124, layer: 05
User colored: 8627665, x: 272, y: 124, layer: 05
User colored: 8627665, x: 284, y: 127, layer: 05
User colored: 8627665, x: 293, y: 134, layer: 05
User colored: 8627665, x: 303, y: 144, layer: 05
User colored: 8627665, x: 310, y: 153, layer: 05
User colored: 8627665, x: 318, y: 164, layer: 05
User colored: 8627665, x: 320, y: 168, layer: 05
User colored: 8627665, x: 321, y: 172, layer: 05
User came online: 8627665 (undefined)
User colored: 8627665, x: 241, y: 228, layer: 0
User colored: 8627665, x: 240, y: 228, layer: 0
User colored: 8627665, x: 239, y: 228, layer: 0
User colored: 8627665, x: 237, y: 228, layer: 0
User colored: 8627665, x: 230, y: 228, layer: 0
User colored: 8627665, x: 219, y: 227, layer: 0
User colored: 8627665, x: 203, y: 225, layer: 0
User colored: 8627665, x: 187, y: 225, layer: 0
User colored: 8627665, x: 174, y: 225, layer: 0
User colored: 8627665, x: 166, y: 225, layer: 0
User colored: 8627665, x: 161, y: 227, layer: 0
User colored: 8627665, x: 156, y: 230, layer: 0
User colored: 8627665, x: 155, y: 232, layer: 0
User colored: 8627665, x: 154, y: 234, layer: 0
User colored: 8627665, x: 154, y: 237, layer: 0
User colored: 8627665, x: 154, y: 243, layer: 0
User colored: 8627665, x: 154, y: 249, layer: 0
User colored: 8627665, x: 155, y: 255, layer: 0
User colored: 8627665, x: 159, y: 260, layer: 0
User colored: 8627665, x: 162, y: 263, layer: 0
User colored: 8627665, x: 166, y: 265, layer: 0
User colored: 8627665, x: 171, y: 266, layer: 0
User colored: 8627665, x: 177, y: 266, layer: 0
User colored: 8627665, x: 183, y: 265, layer: 0
User colored: 8627665, x: 188, y: 263, layer: 0
User colored: 8627665, x: 193, y: 262, layer: 0
User colored: 8627665, x: 196, y: 261, layer: 0
User colored: 8627665, x: 197, y: 261, layer: 0
User colored: 8627665, x: 198, y: 261, layer: 0
User colored: 8627665, x: 200, y: 261, layer: 0
User colored: 8627665, x: 203, y: 261, layer: 0
User colored: 8627665, x: 206, y: 262, layer: 0
User colored: 8627665, x: 210, y: 264, layer: 0
User colored: 8627665, x: 213, y: 265, layer: 0
User colored: 8627665, x: 219, y: 268, layer: 0
User colored: 8627665, x: 226, y: 270, layer: 0
User colored: 8627665, x: 235, y: 271, layer: 0
User colored: 8627665, x: 245, y: 272, layer: 0
User colored: 8627665, x: 251, y: 272, layer: 0
User colored: 8627665, x: 257, y: 272, layer: 0
User colored: 8627665, x: 260, y: 272, layer: 0
User colored: 8627665, x: 265, y: 273, layer: 0
User colored: 8627665, x: 272, y: 274, layer: 0
User colored: 8627665, x: 279, y: 276, layer: 0
User colored: 8627665, x: 284, y: 277, layer: 0
User colored: 8627665, x: 289, y: 279, layer: 0
User colored: 8627665, x: 291, y: 280, layer: 0
User colored: 8627665, x: 293, y: 280, layer: 0
User colored: 8627665, x: 293, y: 281, layer: 0
User colored: 8627665, x: 295, y: 283, layer: 0
User colored: 8627665, x: 296, y: 284, layer: 0
User colored: 8627665, x: 296, y: 286, layer: 0
User colored: 8627665, x: 296, y: 287, layer: 0
User colored: 8627665, x: 296, y: 288, layer: 0
User colored: 8627665, x: 296, y: 289, layer: 0
User colored: 8627665, x: 296, y: 291, layer: 0
User colored: 8627665, x: 295, y: 293, layer: 0
User colored: 8627665, x: 294, y: 295, layer: 0
User colored: 8627665, x: 290, y: 297, layer: 0
User colored: 8627665, x: 285, y: 299, layer: 0
User colored: 8627665, x: 279, y: 300, layer: 0
User colored: 8627665, x: 270, y: 300, layer: 0
User colored: 8627665, x: 262, y: 300, layer: 0
User colored: 8627665, x: 253, y: 300, layer: 0
User colored: 8627665, x: 246, y: 300, layer: 0
User colored: 8627665, x: 241, y: 300, layer: 0
User colored: 8627665, x: 236, y: 300, layer: 0
User colored: 8627665, x: 233, y: 300, layer: 0
User colored: 8627665, x: 231, y: 300, layer: 0
User colored: 8627665, x: 230, y: 300, layer: 0
User colored: 8627665, x: 228, y: 300, layer: 0
User colored: 8627665, x: 227, y: 300, layer: 0
User colored: 8627665, x: 226, y: 300, layer: 0
User colored: 8627665, x: 224, y: 300, layer: 0
User colored: 8627665, x: 222, y: 300, layer: 0
User colored: 8627665, x: 220, y: 300, layer: 0
User colored: 8627665, x: 218, y: 300, layer: 0
User colored: 8627665, x: 216, y: 300, layer: 0
User colored: 8627665, x: 213, y: 300, layer: 0
User colored: 8627665, x: 208, y: 300, layer: 0
User colored: 8627665, x: 204, y: 300, layer: 0
User colored: 8627665, x: 198, y: 300, layer: 0
User colored: 8627665, x: 191, y: 300, layer: 0
User colored: 8627665, x: 187, y: 301, layer: 0
User colored: 8627665, x: 182, y: 302, layer: 0
User colored: 8627665, x: 179, y: 303, layer: 0
User colored: 8627665, x: 178, y: 303, layer: 0
User colored: 8627665, x: 343, y: 308, layer: 0
User colored: 8627665, x: 345, y: 308, layer: 0
User colored: 8627665, x: 347, y: 306, layer: 0
User colored: 8627665, x: 351, y: 304, layer: 0
User colored: 8627665, x: 353, y: 301, layer: 0
User colored: 8627665, x: 356, y: 298, layer: 0
User colored: 8627665, x: 358, y: 296, layer: 0
User colored: 8627665, x: 360, y: 294, layer: 0
User colored: 8627665, x: 361, y: 293, layer: 0
User colored: 8627665, x: 363, y: 293, layer: 0
User colored: 8627665, x: 365, y: 291, layer: 0
User colored: 8627665, x: 368, y: 289, layer: 0
User colored: 8627665, x: 372, y: 287, layer: 0
User colored: 8627665, x: 376, y: 285, layer: 0
User colored: 8627665, x: 381, y: 283, layer: 0
User colored: 8627665, x: 383, y: 282, layer: 0
User colored: 8627665, x: 387, y: 281, layer: 0
User colored: 8627665, x: 392, y: 279, layer: 0
User colored: 8627665, x: 394, y: 279, layer: 0
User colored: 8627665, x: 396, y: 279, layer: 0
User colored: 8627665, x: 398, y: 279, layer: 0
User colored: 8627665, x: 399, y: 279, layer: 0
User colored: 8627665, x: 399, y: 281, layer: 0
User colored: 8627665, x: 400, y: 282, layer: 0
User colored: 8627665, x: 400, y: 284, layer: 0
User colored: 8627665, x: 400, y: 287, layer: 0
User colored: 8627665, x: 400, y: 291, layer: 0
User colored: 8627665, x: 400, y: 295, layer: 0
User colored: 8627665, x: 400, y: 299, layer: 0
User colored: 8627665, x: 400, y: 302, layer: 0
User colored: 8627665, x: 400, y: 305, layer: 0
User colored: 8627665, x: 400, y: 306, layer: 0
User colored: 8627665, x: 399, y: 307, layer: 0
User colored: 8627665, x: 397, y: 307, layer: 0
User colored: 8627665, x: 396, y: 308, layer: 0
User colored: 8627665, x: 396, y: 309, layer: 0
User colored: 8627665, x: 394, y: 309, layer: 0
User colored: 8627665, x: 392, y: 309, layer: 0
User colored: 8627665, x: 389, y: 308, layer: 0
User colored: 8627665, x: 386, y: 307, layer: 0
User colored: 8627665, x: 383, y: 306, layer: 0
User colored: 8627665, x: 381, y: 305, layer: 0
User colored: 8627665, x: 380, y: 304, layer: 0
User colored: 8627665, x: 379, y: 304, layer: 0
User colored: 8627665, x: 377, y: 301, layer: 0
User colored: 8627665, x: 374, y: 297, layer: 0
User colored: 8627665, x: 371, y: 292, layer: 0
User colored: 8627665, x: 367, y: 288, layer: 0
User colored: 8627665, x: 364, y: 285, layer: 0
User colored: 8627665, x: 362, y: 283, layer: 0
User colored: 8627665, x: 362, y: 282, layer: 0
User colored: 8627665, x: 361, y: 281, layer: 0
User colored: 8627665, x: 360, y: 279, layer: 0
User colored: 8627665, x: 364, y: 299, layer: 5
User colored: 8627665, x: 362, y: 299, layer: 5
User colored: 8627665, x: 358, y: 298, layer: 5
User colored: 8627665, x: 354, y: 297, layer: 5
User colored: 8627665, x: 351, y: 297, layer: 5
User colored: 8627665, x: 345, y: 295, layer: 5
User colored: 8627665, x: 340, y: 295, layer: 5
User colored: 8627665, x: 336, y: 294, layer: 5
User colored: 8627665, x: 332, y: 294, layer: 5
User colored: 8627665, x: 330, y: 294, layer: 5
User colored: 8627665, x: 329, y: 294, layer: 5
User colored: 8627665, x: 328, y: 294, layer: 5
User colored: 8627665, x: 327, y: 294, layer: 5
User colored: 8627665, x: 326, y: 294, layer: 5
User colored: 8627665, x: 324, y: 294, layer: 5
User colored: 8627665, x: 320, y: 294, layer: 5
User colored: 8627665, x: 315, y: 294, layer: 5
User colored: 8627665, x: 310, y: 294, layer: 5
User colored: 8627665, x: 305, y: 296, layer: 5
User colored: 8627665, x: 301, y: 297, layer: 5
User colored: 8627665, x: 298, y: 297, layer: 5
User colored: 8627665, x: 296, y: 297, layer: 5
User colored: 8627665, x: 294, y: 297, layer: 5
User colored: 8627665, x: 290, y: 297, layer: 5
User colored: 8627665, x: 285, y: 298, layer: 5
User colored: 8627665, x: 279, y: 300, layer: 5
User colored: 8627665, x: 275, y: 301, layer: 5
User colored: 8627665, x: 270, y: 302, layer: 5
User colored: 8627665, x: 266, y: 302, layer: 5
User colored: 8627665, x: 264, y: 302, layer: 5
User colored: 8627665, x: 261, y: 303, layer: 5
User colored: 8627665, x: 260, y: 303, layer: 5
User colored: 8627665, x: 259, y: 303, layer: 5
User colored: 8627665, x: 259, y: 304, layer: 5
User colored: 8627665, x: 258, y: 304, layer: 5
User colored: 8627665, x: 258, y: 305, layer: 5
User colored: 8627665, x: 258, y: 306, layer: 5
User colored: 8627665, x: 259, y: 308, layer: 5
User colored: 8627665, x: 262, y: 310, layer: 5
User colored: 8627665, x: 267, y: 312, layer: 5
User colored: 8627665, x: 273, y: 314, layer: 5
User colored: 8627665, x: 280, y: 316, layer: 5
User colored: 8627665, x: 284, y: 316, layer: 5
User colored: 8627665, x: 294, y: 317, layer: 5
User colored: 8627665, x: 301, y: 318, layer: 5
User colored: 8627665, x: 308, y: 318, layer: 5
User colored: 8627665, x: 312, y: 318, layer: 5
User colored: 8627665, x: 317, y: 318, layer: 5
User colored: 8627665, x: 320, y: 318, layer: 5
User colored: 8627665, x: 321, y: 317, layer: 5
User colored: 8627665, x: 323, y: 316, layer: 5
User colored: 8627665, x: 323, y: 315, layer: 5
User colored: 8627665, x: 323, y: 313, layer: 5
User colored: 8627665, x: 323, y: 309, layer: 5
User colored: 8627665, x: 323, y: 304, layer: 5
User colored: 8627665, x: 322, y: 300, layer: 5
User colored: 8627665, x: 320, y: 296, layer: 5
User colored: 8627665, x: 316, y: 294, layer: 5
User colored: 8627665, x: 311, y: 293, layer: 5
User colored: 8627665, x: 306, y: 292, layer: 5
User colored: 8627665, x: 300, y: 292, layer: 5
User colored: 8627665, x: 295, y: 292, layer: 5
User colored: 8627665, x: 290, y: 292, layer: 5
User colored: 8627665, x: 284, y: 294, layer: 5
User colored: 8627665, x: 276, y: 297, layer: 5
User colored: 8627665, x: 267, y: 300, layer: 5
User colored: 8627665, x: 260, y: 304, layer: 5
User colored: 8627665, x: 256, y: 307, layer: 5
User colored: 8627665, x: 253, y: 309, layer: 5
User colored: 8627665, x: 251, y: 309, layer: 5
User colored: 8627665, x: 251, y: 311, layer: 5
User colored: 8627665, x: 251, y: 313, layer: 5
User colored: 8627665, x: 251, y: 316, layer: 5
User colored: 8627665, x: 252, y: 319, layer: 5
User colored: 8627665, x: 255, y: 323, layer: 5
User colored: 8627665, x: 260, y: 53, layer: 5
User colored: 8627665, x: 255, y: 48, layer: 5
User colored: 8627665, x: 248, y: 42, layer: 5
User colored: 8627665, x: 240, y: 37, layer: 5
User colored: 8627665, x: 231, y: 34, layer: 5
User colored: 8627665, x: 223, y: 30, layer: 5
User colored: 8627665, x: 218, y: 29, layer: 5
User colored: 8627665, x: 207, y: 28, layer: 5
User colored: 8627665, x: 199, y: 28, layer: 5
User colored: 8627665, x: 185, y: 32, layer: 5
User colored: 8627665, x: 180, y: 35, layer: 5
User colored: 8627665, x: 173, y: 39, layer: 5
User colored: 8627665, x: 169, y: 41, layer: 5
User colored: 8627665, x: 166, y: 45, layer: 5
User colored: 8627665, x: 166, y: 50, layer: 5
User colored: 8627665, x: 166, y: 56, layer: 5
User colored: 8627665, x: 166, y: 67, layer: 5
User colored: 8627665, x: 171, y: 77, layer: 5
User colored: 8627665, x: 179, y: 84, layer: 5
User colored: 8627665, x: 189, y: 87, layer: 5
User colored: 8627665, x: 202, y: 89, layer: 5
User colored: 8627665, x: 211, y: 88, layer: 5
User colored: 8627665, x: 222, y: 73, layer: 5
User colored: 8627665, x: 229, y: 52, layer: 5
User colored: 8627665, x: 233, y: 35, layer: 5
User colored: 8627665, x: 233, y: 19, layer: 5
User colored: 8627665, x: 233, y: 10, layer: 5
User colored: 8627665, x: 224, y: 5, layer: 5
User colored: 8627665, x: 214, y: 5, layer: 5
User colored: 8627665, x: 192, y: 15, layer: 5
User colored: 8627665, x: 172, y: 41, layer: 5
User colored: 8627665, x: 151, y: 86, layer: 5
User colored: 8627665, x: 140, y: 124, layer: 5
User colored: 8627665, x: 133, y: 157, layer: 5
User colored: 8627665, x: 129, y: 186, layer: 5
User colored: 8627665, x: 129, y: 202, layer: 5
User colored: 8627665, x: 129, y: 208, layer: 5
User colored: 8627665, x: 141, y: 210, layer: 5
User colored: 8627665, x: 176, y: 188, layer: 5
User colored: 8627665, x: 206, y: 142, layer: 5
User colored: 8627665, x: 239, y: 76, layer: 5
User colored: 8627665, x: 247, y: 54, layer: 5
User colored: 8627665, x: 250, y: 44, layer: 5
User colored: 8627665, x: 254, y: 31, layer: 5
User colored: 8627665, x: 255, y: 28, layer: 5
User colored: 8627665, x: 255, y: 30, layer: 5
User colored: 8627665, x: 245, y: 72, layer: 5
User colored: 8627665, x: 237, y: 125, layer: 5
User colored: 8627665, x: 230, y: 218, layer: 5
User colored: 8627665, x: 229, y: 308, layer: 5
